[7949][1620985739838][scratchpad][info]["EventBus~initialize - Success"]
[7949][1620985739840][scratchpad][info]["Messaging~boot - Success"]
[7949][1620985739873][scratchpad][info]["bootCrashReporter~ Success"]
[7949][1620985739875][scratchpad][info]["Telemetry~boot - Success"]
[7949][1620985739875][scratchpad][info]["bootConfigurations~initialize - Success"]
[7949][1620985739878][scratchpad][info]["Settings~boot - Success"]
[7949][1620985740033][scratchpad][info]["bootstrapModels - Success"]
[7949][1620985740033][scratchpad][info]["WLModels~boot - Success"]
[7949][1620985740049][scratchpad][info]["Session~boot - Success"]
[7949][1620985740054][scratchpad][info]["IndependentServices~boot - Success"]
[7949][1620985740064][scratchpad][info]["AppModels~boot - Success"]
[7949][1620985740080][scratchpad][info]["Sync~boot - Success"]
[7949][1620985740097][scratchpad][info]["PostUpdateBackup~init: Success"]
[7949][1620985740109][scratchpad][info]["Shared~boot - Success"]
[7949][1620985740110][scratchpad][info]["DBWatcher~boot - Success"]
[7949][1620985740114][scratchpad][info]["ThemeManager~boot - Success"]
[7949][1620985740115][scratchpad][info]["WorkbenchService~boot - Success"]
[7949][1620985740115][scratchpad][info]["ContextBarRegistry~boot - Success"]
[7949][1620985740116][scratchpad][info]["Store~boot - Success"]
[7949][1620985740118][scratchpad][info]["Shortcuts~boot - Success"]
[7949][1620985740139][scratchpad][info]["NewConsole~boot - Success"]
[7949][1620985740146][scratchpad][info]["APIDevInterface~boot - Success"]
[7949][1620985740151][scratchpad][error]["Failed to detach IPC node",{"name":"TypeError","message":"Cannot read property 'dispose' of null","stack":"TypeError: Cannot read property 'dispose' of null\n    at ElectronTCPReader.detachProxyIpcNode (file:///opt/postman/app/resources/app/js/requester.js:25555:25)\n    at ElectronTCPReader.attachProxyIpcNode (file:///opt/postman/app/resources/app/js/requester.js:25519:10)\n    at new ElectronTCPReader (file:///opt/postman/app/resources/app/js/requester.js:25496:12)\n    at file:///opt/postman/app/resources/app/js/requester.js:24283:18\n    at file:///opt/postman/app/resources/app/js/vendor-shared.js:17915:9\n    at file:///opt/postman/app/resources/app/js/vendor-shared.js:19134:16\n    at replenish (file:///opt/postman/app/resources/app/js/vendor-shared.js:19103:25)\n    at iterateeCallback (file:///opt/postman/app/resources/app/js/vendor-shared.js:19092:17)\n    at file:///opt/postman/app/resources/app/js/vendor-shared.js:19844:16\n    at file:///opt/postman/app/resources/app/js/vendor-shared.js:17912:13\n    at sentryWrapped (file:///opt/postman/app/resources/app/js/vendor-shared.js:945096:27)"}]
[7949][1620985740159][scratchpad][info]["Attempting to create IPCNode to proxy_node_process"]
[7949][1620985740174][scratchpad][info]["Requester~boot - Success"]
[7949][1620985740176][scratchpad][info]["SharedRuntimeListeners~boot - Success"]
[7949][1620985740178][scratchpad][info]["booted - scratchpad"]
[7949][1620985740316][scratchpad][info]["NavigationService ~ [BROWSER] Transitioning io the initial route with the URL:","home"]
[7949][1620985740380][scratchpad][info]["CloudProxyHandler: Proxy configuration has not been setup"]
[7949][1620985740380][scratchpad][error]["IPCNode~createClient~something wrong connecting to the IPC server",{"errno":"ENOENT","code":"ENOENT","syscall":"connect","address":"/home/fonsi/.config/Postman/proxy_node_process_prod.sock","name":"Error","message":"connect ENOENT /home/fonsi/.config/Postman/proxy_node_process_prod.sock","stack":"Error: connect ENOENT /home/fonsi/.config/Postman/proxy_node_process_prod.sock\n    at PipeConnectWrap.afterConnect [as oncomplete] (net.js:1134:16)"}]
[7949][1620985740511][scratchpad][error]["WorkspaceSessionController~getActiveSession: WorkspaceSession not found in db"]
[7949][1620985740514][scratchpad][error]["ActiveWorkspaceSessionStore: Initial Hydration Failed once"]
[7949][1620985740567][scratchpad][error]["WorkspaceSessionController~getActiveSession: WorkspaceSession not found in db"]
[7949][1620985740569][scratchpad][error]["ActiveWorkspaceSessionStore: Initial Hydration Failed twice",{"name":"Error","message":"WorkspaceSessionController~getActiveSession: WorkspaceSession not found in db","stack":"Error: WorkspaceSessionController~getActiveSession: WorkspaceSession not found in db\n    at file:///opt/postman/app/resources/app/js/vendor-shared.js:27502:35"}]
[7949][1620985740996][scratchpad][info]["SessionValidation - Registering listener"]
[7949][1620985741006][scratchpad][info]["UI pulled the session locked information on init"]
[7949][1620985755751][scratchpad][info]["EventBus~initialize - Success"]
[7949][1620985755755][scratchpad][info]["Messaging~boot - Success"]
[7949][1620985755841][scratchpad][info]["bootCrashReporter~ Success"]
[7949][1620985755843][scratchpad][info]["Telemetry~boot - Success"]
[7949][1620985755844][scratchpad][info]["bootConfigurations~initialize - Success"]
[7949][1620985755855][scratchpad][info]["Settings~boot - Success"]
[7949][1620985756219][scratchpad][info]["bootstrapModels - Success"]
[7949][1620985756220][scratchpad][info]["WLModels~boot - Success"]
[7949][1620985756237][scratchpad][info]["Session~boot - Success"]
[7949][1620985756240][scratchpad][info]["IndependentServices~boot - Success"]
[7949][1620985756252][scratchpad][info]["AppModels~boot - Success"]
[7949][1620985756281][scratchpad][info]["Sync~boot - Success"]
[7949][1620985756298][scratchpad][info]["PostUpdateBackup~init: Success"]
[7949][1620985756300][scratchpad][info]["Shared~boot - Success"]
[7949][1620985756303][scratchpad][info]["DBWatcher~boot - Success"]
[7949][1620985756308][scratchpad][info]["ThemeManager~boot - Success"]
[7949][1620985756309][scratchpad][info]["WorkbenchService~boot - Success"]
[7949][1620985756309][scratchpad][info]["ContextBarRegistry~boot - Success"]
[7949][1620985756310][scratchpad][info]["Store~boot - Success"]
[7949][1620985756314][scratchpad][info]["Shortcuts~boot - Success"]
[7949][1620985756342][scratchpad][info]["NewConsole~boot - Success"]
[7949][1620985756352][scratchpad][info]["APIDevInterface~boot - Success"]
[7949][1620985756366][scratchpad][error]["Failed to detach IPC node",{"name":"TypeError","message":"Cannot read property 'dispose' of null","stack":"TypeError: Cannot read property 'dispose' of null\n    at ElectronTCPReader.detachProxyIpcNode (file:///opt/postman/app/resources/app/js/requester.js:25555:25)\n    at ElectronTCPReader.attachProxyIpcNode (file:///opt/postman/app/resources/app/js/requester.js:25519:10)\n    at new ElectronTCPReader (file:///opt/postman/app/resources/app/js/requester.js:25496:12)\n    at file:///opt/postman/app/resources/app/js/requester.js:24283:18\n    at file:///opt/postman/app/resources/app/js/vendor-shared.js:17915:9\n    at file:///opt/postman/app/resources/app/js/vendor-shared.js:19134:16\n    at replenish (file:///opt/postman/app/resources/app/js/vendor-shared.js:19103:25)\n    at iterateeCallback (file:///opt/postman/app/resources/app/js/vendor-shared.js:19092:17)\n    at file:///opt/postman/app/resources/app/js/vendor-shared.js:19844:16\n    at file:///opt/postman/app/resources/app/js/vendor-shared.js:17912:13\n    at sentryWrapped (file:///opt/postman/app/resources/app/js/vendor-shared.js:945096:27)"}]
[7949][1620985756383][scratchpad][info]["Attempting to create IPCNode to proxy_node_process"]
[7949][1620985756398][scratchpad][info]["Requester~boot - Success"]
[7949][1620985756400][scratchpad][info]["SharedRuntimeListeners~boot - Success"]
[7949][1620985756410][scratchpad][info]["booted - scratchpad"]
[7949][1620985756651][scratchpad][info]["NavigationService ~ [BROWSER] Transitioning io the initial route with the URL:","home"]
[7949][1620985756773][scratchpad][info]["CloudProxyHandler: Proxy configuration has not been setup"]
[7949][1620985756774][scratchpad][error]["IPCNode~createClient~something wrong connecting to the IPC server",{"errno":"ENOENT","code":"ENOENT","syscall":"connect","address":"/home/fonsi/.config/Postman/proxy_node_process_prod.sock","name":"Error","message":"connect ENOENT /home/fonsi/.config/Postman/proxy_node_process_prod.sock","stack":"Error: connect ENOENT /home/fonsi/.config/Postman/proxy_node_process_prod.sock\n    at PipeConnectWrap.afterConnect [as oncomplete] (net.js:1134:16)"}]
[7949][1620985756986][scratchpad][error]["WorkspaceSessionController~getActiveSession: WorkspaceSession not found in db"]
[7949][1620985756988][scratchpad][error]["ActiveWorkspaceSessionStore: Initial Hydration Failed once"]
[7949][1620985757104][scratchpad][error]["WorkspaceSessionController~getActiveSession: WorkspaceSession not found in db"]
[7949][1620985757106][scratchpad][error]["ActiveWorkspaceSessionStore: Initial Hydration Failed twice",{"name":"Error","message":"WorkspaceSessionController~getActiveSession: WorkspaceSession not found in db","stack":"Error: WorkspaceSessionController~getActiveSession: WorkspaceSession not found in db\n    at file:///opt/postman/app/resources/app/js/vendor-shared.js:27502:35"}]
[7949][1620985757820][scratchpad][info]["SessionValidation - Registering listener"]
[7949][1620985757838][scratchpad][info]["UI pulled the session locked information on init"]
