[7949][1620985730677][main][info]["Booting Postman 8.4.0, linux-5.12.3-arch1-1 on x64"]
[7949][1620985730679][main][info]["EventBus~initialize - Success"]
[7949][1620985730681][main][info]["Proxy configuration has not been setup"]
[7949][1620985730682][main][info]["CloudProxyManager~init - Success"]
[7949][1620985730687][main][info]["UpdateHandler~init - Success"]
[7949][1620985730953][main][info]["RuntimeIPCAgent~started: Success"]
[7949][1620985730955][main][info]["LeaderSelection: Initialized successfully"]
[7949][1620985731559][main][info]["LinuxAutoUpdater~Cleanup - Initial cleanup successful"]
[7949][1620985731886][main][info]["window-manager~newSharedWindow: Shell loaded"]
[7949][1620985732554][main][info]["Bootstrap-models~bootstrap - Success"]
[7949][1620985736496][main][info]["Main~AppEvents - Received booted event for process shared"]
[7949][1620985740149][main][info]["UpdateHandler~app-update-events - Received event",{"name":"checkForElectronVersionUpdated","namespace":"appUpdate"}]
[7949][1620985740189][main][info]["Main~AppEvents - Received booted event for process scratchpad"]
[7949][1620985751008][main][warn]["AuthHandler~open: Current app is not default protocol client - Falling back to polling mechanism."]
[7949][1620985751020][main][info]["Main~AppEvents - Received booted event for process shared"]
[7949][1620985756362][main][info]["UpdateHandler~app-update-events - Received event",{"name":"checkForElectronVersionUpdated","namespace":"appUpdate"}]
[7949][1620985756420][main][info]["Main~AppEvents - Received booted event for process scratchpad"]
[7949][1620985781010][main][info]["UpdateHandler~app-update-events - Received event",{"name":"checkForElectronVersionUpdated","namespace":"appUpdate"}]
[7949][1620985781044][main][info]["Main~AppEvents - Received booted event for process requester"]
[7949][1620985784221][main][info]["WindowManager~closeHandler - Closed Window (id: 6 )"]
[7949][1620985784239][main][info]["Quitting app"]
[8811][1620985790246][main][info]["Booting Postman 8.4.0, linux-5.12.3-arch1-1 on x64"]
[8811][1620985790248][main][info]["EventBus~initialize - Success"]
[8811][1620985790250][main][info]["Proxy configuration has not been setup"]
[8811][1620985790251][main][info]["CloudProxyManager~init - Success"]
[8811][1620985790256][main][info]["UpdateHandler~init - Success"]
[8811][1620985790512][main][info]["RuntimeIPCAgent~started: Success"]
[8811][1620985790515][main][info]["LeaderSelection: Initialized successfully"]
[8811][1620985790634][main][info]["LinuxAutoUpdater~Cleanup - Initial cleanup successful"]
[8811][1620985791004][main][info]["window-manager~newSharedWindow: Shell loaded"]
[8811][1620985791452][main][info]["Bootstrap-models~bootstrap - Success"]
[8811][1620985794079][main][info]["Main~AppEvents - Received booted event for process shared"]
[8811][1620985797112][main][info]["UpdateHandler~app-update-events - Received event",{"name":"checkForElectronVersionUpdated","namespace":"appUpdate"}]
[8811][1620985797155][main][info]["Main~AppEvents - Received booted event for process requester"]
[8811][1620985838339][main][info]["WindowManager~closeHandler - Closed Window (id: 3 )"]
[8811][1620985838357][main][info]["Quitting app"]
[5469][1621455987078][main][info]["Booting Postman 8.4.0, linux-5.12.4-arch1-2 on x64"]
[5469][1621455987080][main][info]["EventBus~initialize - Success"]
[5469][1621455987101][main][info]["Proxy configuration has not been setup"]
[5469][1621455987102][main][info]["CloudProxyManager~init - Success"]
[5469][1621455987107][main][info]["UpdateHandler~init - Success"]
[5469][1621455988207][main][info]["RuntimeIPCAgent~started: Success"]
[5469][1621455988221][main][info]["LeaderSelection: Initialized successfully"]
[5469][1621455989318][main][info]["LinuxAutoUpdater~Cleanup - Initial cleanup successful"]
[5469][1621455989585][main][info]["Bootstrap-models~bootstrap - Success"]
[5469][1621455990677][main][info]["window-manager~newSharedWindow: Shell loaded"]
[5469][1621455994292][main][info]["Main~AppEvents - Received booted event for process shared"]
[5469][1621455997396][main][info]["UpdateHandler~app-update-events - Received event",{"name":"checkForElectronVersionUpdated","namespace":"appUpdate"}]
[5469][1621455997425][main][info]["Main~AppEvents - Received booted event for process requester"]
[5469][1621456152178][main][info]["WindowManager~closeHandler - Closed Window (id: 3 )"]
[5469][1621456152202][main][info]["Quitting app"]
[10599][1621496110844][main][info]["Booting Postman 8.4.0, linux-5.12.5-arch1-1 on x64"]
[10599][1621496110846][main][info]["EventBus~initialize - Success"]
[10599][1621496110865][main][info]["Proxy configuration has not been setup"]
[10599][1621496110866][main][info]["CloudProxyManager~init - Success"]
[10599][1621496110871][main][info]["UpdateHandler~init - Success"]
[10599][1621496111964][main][info]["RuntimeIPCAgent~started: Success"]
[10599][1621496111978][main][info]["LeaderSelection: Initialized successfully"]
[10599][1621496113024][main][info]["LinuxAutoUpdater~Cleanup - Initial cleanup successful"]
[10599][1621496113268][main][info]["Bootstrap-models~bootstrap - Success"]
[10599][1621496114230][main][info]["window-manager~newSharedWindow: Shell loaded"]
[10599][1621496118291][main][info]["Main~AppEvents - Received booted event for process shared"]
[10599][1621496121844][main][info]["UpdateHandler~app-update-events - Received event",{"name":"checkForElectronVersionUpdated","namespace":"appUpdate"}]
[10599][1621496121882][main][info]["Main~AppEvents - Received booted event for process requester"]
[10599][1621496201184][main][info]["WindowManager~closeHandler - Closed Window (id: 3 )"]
[10599][1621496201199][main][info]["Quitting app"]
[8024][1626518544743][main][info]["Booting Postman 8.8.0, linux-5.12.15-arch1-1 on x64"]
[8024][1626518544745][main][info]["EventBus~initialize - Success"]
[8024][1626518544750][main][info]["Proxy configuration has not been setup"]
[8024][1626518544750][main][info]["CloudProxyManager~init - Success"]
[8024][1626518544757][main][info]["UpdateHandler~init - Success"]
[8024][1626518545946][main][info]["RuntimeIPCAgent~started: Success"]
[8024][1626518545970][main][info]["LeaderSelection: Initialized successfully"]
[8024][1626518546926][main][info]["LinuxAutoUpdater~Cleanup - Initial cleanup successful"]
[8024][1626518546942][main][info]["GPU detected VID 5549 DID 1029 ACTIVE true"]
[8024][1626518547162][main][info]["Bootstrap-models~bootstrap - Success"]
[8024][1626518548458][main][info]["window-manager~newSharedWindow: Shell loaded"]
[8024][1626518551767][main][info]["Main~AppEvents - Received booted event for process shared"]
[8024][1626518555639][main][info]["UpdateHandler~app-update-events - Received event",{"name":"checkForElectronVersionUpdated","namespace":"appUpdate"}]
[8024][1626518555641][main][info]["@postman/app-updater: version Updated","8.4.0","8.8.0"]
[8024][1626518555642][main][info]["UpdateHandler~app-update-events - Received event",{"name":"electronVersionUpdated","namespace":"appUpdate","data":{"lastKnownVersion":"8.4.0","currentVersion":"8.8.0"}}]
[8024][1626518555665][main][info]["Main~AppEvents - Received booted event for process requester"]
[8024][1626518645466][main][info]["WindowManager~closeHandler - Closed Window (id: 3 )"]
[8024][1626518645487][main][info]["Quitting app"]
[10668][1626520801130][main][info]["Booting Postman 8.8.0, linux-5.12.15-arch1-1 on x64"]
[10668][1626520801132][main][info]["EventBus~initialize - Success"]
[10668][1626520801134][main][info]["Proxy configuration has not been setup"]
[10668][1626520801135][main][info]["CloudProxyManager~init - Success"]
[10668][1626520801141][main][info]["UpdateHandler~init - Success"]
[10668][1626520801364][main][info]["RuntimeIPCAgent~started: Success"]
[10668][1626520801370][main][info]["LeaderSelection: Initialized successfully"]
[10668][1626520801460][main][info]["LinuxAutoUpdater~Cleanup - Initial cleanup successful"]
[10668][1626520801526][main][info]["GPU detected VID 5549 DID 1029 ACTIVE true"]
[10668][1626520801549][main][info]["Bootstrap-models~bootstrap - Success"]
[10668][1626520801829][main][info]["window-manager~newSharedWindow: Shell loaded"]
[10668][1626520804136][main][info]["Main~AppEvents - Received booted event for process shared"]
[10668][1626520807407][main][info]["UpdateHandler~app-update-events - Received event",{"name":"checkForElectronVersionUpdated","namespace":"appUpdate"}]
[10668][1626520807432][main][info]["Main~AppEvents - Received booted event for process requester"]
[10668][1626543623225][main][info]["WindowManager~closeHandler - Closed Window (id: 3 )"]
[9994][1626782239598][main][info]["Booting Postman 8.8.0, linux-5.12.15-arch1-1 on x64"]
[9994][1626782239601][main][info]["EventBus~initialize - Success"]
[9994][1626782239605][main][info]["Proxy configuration has not been setup"]
[9994][1626782239606][main][info]["CloudProxyManager~init - Success"]
[9994][1626782239612][main][info]["UpdateHandler~init - Success"]
[9994][1626782240768][main][info]["RuntimeIPCAgent~started: Success"]
[9994][1626782240792][main][info]["LeaderSelection: Initialized successfully"]
[9994][1626782241960][main][info]["LinuxAutoUpdater~Cleanup - Initial cleanup successful"]
[9994][1626782241976][main][info]["GPU detected VID 5549 DID 1029 ACTIVE true"]
[9994][1626782242195][main][info]["Bootstrap-models~bootstrap - Success"]
[9994][1626782243431][main][info]["window-manager~newSharedWindow: Shell loaded"]
[9994][1626782246904][main][info]["Main~AppEvents - Received booted event for process shared"]
[9994][1626782250397][main][info]["UpdateHandler~app-update-events - Received event",{"name":"checkForElectronVersionUpdated","namespace":"appUpdate"}]
[9994][1626782250420][main][info]["Main~AppEvents - Received booted event for process requester"]
[9994][1626782318921][main][info]["WindowManager~closeHandler - Closed Window (id: 3 )"]
[9994][1626782318938][main][info]["Quitting app"]
[13028][1626784209648][main][info]["Booting Postman 8.8.0, linux-5.12.15-arch1-1 on x64"]
[13028][1626784209650][main][info]["EventBus~initialize - Success"]
[13028][1626784209652][main][info]["Proxy configuration has not been setup"]
[13028][1626784209653][main][info]["CloudProxyManager~init - Success"]
[13028][1626784209659][main][info]["UpdateHandler~init - Success"]
[13028][1626784209881][main][info]["RuntimeIPCAgent~started: Success"]
[13028][1626784209883][main][info]["LeaderSelection: Initialized successfully"]
[13028][1626784210073][main][info]["LinuxAutoUpdater~Cleanup - Initial cleanup successful"]
[13028][1626784210133][main][info]["GPU detected VID 5549 DID 1029 ACTIVE true"]
[13028][1626784210156][main][info]["Bootstrap-models~bootstrap - Success"]
[13028][1626784210406][main][info]["window-manager~newSharedWindow: Shell loaded"]
[13028][1626784212613][main][info]["Main~AppEvents - Received booted event for process shared"]
[13028][1626784215833][main][info]["UpdateHandler~app-update-events - Received event",{"name":"checkForElectronVersionUpdated","namespace":"appUpdate"}]
[13028][1626784215859][main][info]["Main~AppEvents - Received booted event for process requester"]
[13028][1626784353127][main][info]["WindowManager~closeHandler - Closed Window (id: 3 )"]
[13028][1626784353143][main][info]["Quitting app"]
[13523][1626784432765][main][info]["Booting Postman 8.8.0, linux-5.12.15-arch1-1 on x64"]
[13523][1626784432767][main][info]["EventBus~initialize - Success"]
[13523][1626784432769][main][info]["Proxy configuration has not been setup"]
[13523][1626784432769][main][info]["CloudProxyManager~init - Success"]
[13523][1626784432776][main][info]["UpdateHandler~init - Success"]
[13523][1626784433004][main][info]["RuntimeIPCAgent~started: Success"]
[13523][1626784433006][main][info]["LeaderSelection: Initialized successfully"]
[13523][1626784433140][main][info]["LinuxAutoUpdater~Cleanup - Initial cleanup successful"]
[13523][1626784433181][main][info]["GPU detected VID 5549 DID 1029 ACTIVE true"]
[13523][1626784433217][main][info]["Bootstrap-models~bootstrap - Success"]
[13523][1626784433412][main][info]["window-manager~newSharedWindow: Shell loaded"]
[13523][1626784435833][main][info]["Main~AppEvents - Received booted event for process shared"]
[13523][1626784438531][main][info]["UpdateHandler~app-update-events - Received event",{"name":"checkForElectronVersionUpdated","namespace":"appUpdate"}]
[13523][1626784438559][main][info]["Main~AppEvents - Received booted event for process requester"]
[13523][1626784439012][main][info]["WindowManager~closeHandler - Closed Window (id: 3 )"]
[13523][1626784439060][main][info]["Quitting app"]
[13738][1626784443034][main][info]["Booting Postman 8.8.0, linux-5.12.15-arch1-1 on x64"]
[13738][1626784443037][main][info]["EventBus~initialize - Success"]
[13738][1626784443039][main][info]["Proxy configuration has not been setup"]
[13738][1626784443039][main][info]["CloudProxyManager~init - Success"]
[13738][1626784443046][main][info]["UpdateHandler~init - Success"]
[13738][1626784443270][main][info]["RuntimeIPCAgent~started: Success"]
[13738][1626784443272][main][info]["LeaderSelection: Initialized successfully"]
[13738][1626784443495][main][info]["LinuxAutoUpdater~Cleanup - Initial cleanup successful"]
[13738][1626784443528][main][info]["GPU detected VID 5549 DID 1029 ACTIVE true"]
[13738][1626784443553][main][info]["Bootstrap-models~bootstrap - Success"]
[13738][1626784443898][main][info]["window-manager~newSharedWindow: Shell loaded"]
[13738][1626784446415][main][info]["Main~AppEvents - Received booted event for process shared"]
[13738][1626784449316][main][info]["UpdateHandler~app-update-events - Received event",{"name":"checkForElectronVersionUpdated","namespace":"appUpdate"}]
[13738][1626784449344][main][info]["Main~AppEvents - Received booted event for process requester"]
[13738][1626784569443][main][info]["WindowManager~closeHandler - Closed Window (id: 3 )"]
[13738][1626784569462][main][info]["Quitting app"]
[14472][1626784577646][main][info]["Booting Postman 8.8.0, linux-5.12.15-arch1-1 on x64"]
[14472][1626784577649][main][info]["EventBus~initialize - Success"]
[14472][1626784577651][main][info]["Proxy configuration has not been setup"]
[14472][1626784577651][main][info]["CloudProxyManager~init - Success"]
[14472][1626784577657][main][info]["UpdateHandler~init - Success"]
[14472][1626784577878][main][info]["RuntimeIPCAgent~started: Success"]
[14472][1626784577880][main][info]["LeaderSelection: Initialized successfully"]
[14472][1626784578031][main][info]["LinuxAutoUpdater~Cleanup - Initial cleanup successful"]
[14472][1626784578062][main][info]["GPU detected VID 5549 DID 1029 ACTIVE true"]
[14472][1626784578099][main][info]["Bootstrap-models~bootstrap - Success"]
[14472][1626784578438][main][info]["window-manager~newSharedWindow: Shell loaded"]
[14472][1626784580919][main][info]["Main~AppEvents - Received booted event for process shared"]
[14472][1626784584156][main][info]["UpdateHandler~app-update-events - Received event",{"name":"checkForElectronVersionUpdated","namespace":"appUpdate"}]
[14472][1626784584191][main][info]["Main~AppEvents - Received booted event for process requester"]
[14472][1626818425949][main][info]["WindowManager~closeHandler - Closed Window (id: 3 )"]
[14472][1626818425965][main][info]["Quitting app"]
[1963][1627020071598][main][info]["Booting Postman 8.8.0, linux-5.13.4-arch1-1 on x64"]
[1963][1627020071600][main][info]["EventBus~initialize - Success"]
[1963][1627020071613][main][info]["Proxy configuration has not been setup"]
[1963][1627020071613][main][info]["CloudProxyManager~init - Success"]
[1963][1627020071622][main][info]["UpdateHandler~init - Success"]
[1963][1627020072943][main][info]["RuntimeIPCAgent~started: Success"]
[1963][1627020072969][main][info]["LeaderSelection: Initialized successfully"]
[1963][1627020074150][main][info]["LinuxAutoUpdater~Cleanup - Initial cleanup successful"]
[1963][1627020074168][main][info]["GPU detected VID 5549 DID 1029 ACTIVE true"]
[1963][1627020074468][main][info]["Bootstrap-models~bootstrap - Success"]
[1963][1627020075999][main][info]["window-manager~newSharedWindow: Shell loaded"]
[1963][1627020079576][main][info]["Main~AppEvents - Received booted event for process shared"]
[1963][1627020083297][main][info]["UpdateHandler~app-update-events - Received event",{"name":"checkForElectronVersionUpdated","namespace":"appUpdate"}]
[1963][1627020083317][main][info]["Main~AppEvents - Received booted event for process requester"]
[28694][1627324628757][main][info]["Booting Postman 8.9.0, linux-5.13.4-arch2-1 on x64"]
[28694][1627324628759][main][info]["EventBus~initialize - Success"]
[28694][1627324628763][main][info]["Proxy configuration has not been setup"]
[28694][1627324628764][main][info]["CloudProxyManager~init - Success"]
[28694][1627324628770][main][info]["UpdateHandler~init - Success"]
[28694][1627324630082][main][info]["RuntimeIPCAgent~started: Success"]
[28694][1627324630104][main][info]["LeaderSelection: Initialized successfully"]
[28694][1627324631482][main][info]["LinuxAutoUpdater~Cleanup - Initial cleanup successful"]
[28694][1627324631498][main][info]["GPU detected VID 5549 DID 1029 ACTIVE true"]
[28694][1627324632105][main][info]["Bootstrap-models~bootstrap - Success"]
[28694][1627324633674][main][info]["window-manager~newSharedWindow: Shell loaded"]
[28694][1627324637741][main][info]["Main~AppEvents - Received booted event for process shared"]
[28694][1627324641386][main][info]["UpdateHandler~app-update-events - Received event",{"name":"checkForElectronVersionUpdated","namespace":"appUpdate"}]
[28694][1627324641389][main][info]["@postman/app-updater: version Updated","8.8.0","8.9.0"]
[28694][1627324641390][main][info]["UpdateHandler~app-update-events - Received event",{"name":"electronVersionUpdated","namespace":"appUpdate","data":{"lastKnownVersion":"8.8.0","currentVersion":"8.9.0"}}]
[28694][1627324641430][main][info]["Main~AppEvents - Received booted event for process requester"]
[28694][1627324651772][main][info]["UpdateHandler~app-update-events - Received event",{"name":"updateElectron","namespace":"appUpdate","data":{"channel":"stable","version":"8.9.0","downloadVersion":"8.9.1","appId":"76299a32-da3f-4e5d-a7aa-fc6ea1083f52","userAgent":"Mozilla/5.0 (X11; Linux x86_64) AppleWebKit/537.36 (KHTML, like Gecko) Postman/8.9.0 Chrome/87.0.4280.88 Electron/11.1.1 Safari/537.36","platform":"LINUX","arch":"64","downloadURL":"https://dl.pstmn.io/download/version/8.9.1/linux_64","updateServerDomain":"https://dl.pstmn.io/","additionalParamsString":"installationId=76299a32-da3f-4e5d-a7aa-fc6ea1083f52&userId=15795758&syncEnabled=true&teamPlan=&teamId=0","userId":"15795758"}}]
[28694][1627324651772][main][info]["LinuxUpdater~downloadUpdate - UpdateInfo received",{"channel":"stable","version":"8.9.0","downloadVersion":"8.9.1","appId":"76299a32-da3f-4e5d-a7aa-fc6ea1083f52","userAgent":"Mozilla/5.0 (X11; Linux x86_64) AppleWebKit/537.36 (KHTML, like Gecko) Postman/8.9.0 Chrome/87.0.4280.88 Electron/11.1.1 Safari/537.36","platform":"LINUX","arch":"64","downloadURL":"https://dl.pstmn.io/download/version/8.9.1/linux_64","updateServerDomain":"https://dl.pstmn.io/","additionalParamsString":"installationId=76299a32-da3f-4e5d-a7aa-fc6ea1083f52&userId=15795758&syncEnabled=true&teamPlan=&teamId=0","userId":"15795758"}]
[28694][1627324651861][main][info]["@postman/app-updater: error",{"errno":-13,"code":"EACCES","syscall":"open","path":"/opt/postman/Postman-1627324651773.tar.gz","name":"Error","message":"EACCES: permission denied, open '/opt/postman/Postman-1627324651773.tar.gz'","stack":"Error: EACCES: permission denied, open '/opt/postman/Postman-1627324651773.tar.gz'"},{"packageName":"Postman","eID":"Postman-1627324651773","downloadURL":"https://dl.pstmn.io/download/version/8.9.1/linux_64","downloadDirectory":"/opt/postman","downloadInfo":{"status":"DOWNLOAD_ERROR","error":{"errno":-13,"code":"EACCES","syscall":"open","path":"/opt/postman/Postman-1627324651773.tar.gz"},"downloadDirectory":"/opt/postman"}}]
[28694][1627324651862][main][info]["UpdateHandler~app-update-events - Received event",{"name":"electronAppUpdateError","namespace":"appUpdate","data":{"error":{"errno":-13,"code":"EACCES","syscall":"open","path":"/opt/postman/Postman-1627324651773.tar.gz","name":"Error","message":"EACCES: permission denied, open '/opt/postman/Postman-1627324651773.tar.gz'","stack":"Error: EACCES: permission denied, open '/opt/postman/Postman-1627324651773.tar.gz'"},"updateData":{"packageName":"Postman","eID":"Postman-1627324651773","downloadURL":"https://dl.pstmn.io/download/version/8.9.1/linux_64","downloadDirectory":"/opt/postman","downloadInfo":{"status":"DOWNLOAD_ERROR","error":{"errno":-13,"code":"EACCES","syscall":"open","path":"/opt/postman/Postman-1627324651773.tar.gz"},"downloadDirectory":"/opt/postman"}}}}]
[28694][1627335494847][main][info]["WindowManager~closeHandler - Closed Window (id: 3 )"]
[28694][1627335494877][main][info]["Quitting app"]
[5364][1627470221378][main][info]["Booting Postman 8.9.1, linux-5.13.5-arch1-1 on x64"]
[5364][1627470221383][main][info]["EventBus~initialize - Success"]
[5364][1627470221393][main][info]["Proxy configuration has not been setup"]
[5364][1627470221393][main][info]["CloudProxyManager~init - Success"]
[5364][1627470221400][main][info]["UpdateHandler~init - Success"]
[5364][1627470222802][main][info]["RuntimeIPCAgent~started: Success"]
[5364][1627470222821][main][info]["LeaderSelection: Initialized successfully"]
[5364][1627470224125][main][info]["LinuxAutoUpdater~Cleanup - Initial cleanup successful"]
[5364][1627470224134][main][info]["GPU detected VID 5549 DID 1029 ACTIVE true"]
[5364][1627470225362][main][info]["Bootstrap-models~bootstrap - Success"]
[5364][1627470226994][main][info]["window-manager~newSharedWindow: Shell loaded"]
[5364][1627470230467][main][info]["Main~AppEvents - Received booted event for process shared"]
[5364][1627470233694][main][info]["UpdateHandler~app-update-events - Received event",{"name":"checkForElectronVersionUpdated","namespace":"appUpdate"}]
[5364][1627470233697][main][info]["@postman/app-updater: version Updated","8.9.0","8.9.1"]
[5364][1627470233698][main][info]["UpdateHandler~app-update-events - Received event",{"name":"electronVersionUpdated","namespace":"appUpdate","data":{"lastKnownVersion":"8.9.0","currentVersion":"8.9.1"}}]
[5364][1627470233720][main][info]["Main~AppEvents - Received booted event for process requester"]
[5364][1627474417013][main][info]["WindowManager~closeHandler - Closed Window (id: 3 )"]
[5364][1627474417029][main][info]["Quitting app"]
[1356594][1650482114775][main][info]["Booting Postman 9.15.2, linux-5.17.3-arch1-1 on x64"]
[1356594][1650482114777][main][info]["EventBus~initialize - Success"]
[1356594][1650482114779][main][info]["Proxy configuration has not been setup"]
[1356594][1650482114779][main][info]["CloudProxyManager~init - Success"]
[1356594][1650482114785][main][info]["UpdateHandler~init - Success"]
[1356594][1650482115243][main][info]["RuntimeIPCAgent~started: Success"]
[1356594][1650482115245][main][info]["LinuxAutoUpdater~Cleanup - Initial cleanup successful"]
[1356594][1650482115246][main][info]["LeaderSelection: Initialized successfully"]
[1356594][1650482115247][main][info]["VersionDependencyService: Initialized successfully"]
[1356594][1650482115265][main][info]["GPU detected VID 4318 DID 7938 ACTIVE true"]
[1356594][1650482115284][main][info]["Bootstrap-models~bootstrap - Success"]
[1356594][1650482121039][main][info]["UpdateHandler~app-update-events - Received event",{"name":"checkForElectronVersionUpdated","namespace":"appUpdate"}]
[1356594][1650482121041][main][info]["@postman/app-updater: version Updated","8.9.1","9.15.2"]
[1356594][1650482121042][main][info]["UpdateHandler~app-update-events - Received event",{"name":"electronVersionUpdated","namespace":"appUpdate","data":{"lastKnownVersion":"8.9.1","currentVersion":"9.15.2"}}]
[1356594][1650482121062][main][info]["windowManager: First requester booted successfully."]
[1356594][1650482121063][main][info]["windowManager~restoreWindows: Restoring requester windows"]
[1356594][1650482121063][main][info]["Main~AppEvents - Received booted event for process requester.Version 9.15.11 UI Version: 9.15.11-ui-220404-0850 Desktop Platform Version: 9.15.2"]
[1356594][1650482122146][main][info]["Main - model-events~user - (user, bootstrapUser) received"]
[1356594][1650485184084][main][info]["WindowManager~closeHandler - Closed Window (id: 1 )"]
[1356594][1650485184098][main][info]["Quitting app"]
[1529646][1650487612635][main][info]["Booting Postman 9.15.2, linux-5.17.3-arch1-1 on x64"]
[1529646][1650487612637][main][info]["EventBus~initialize - Success"]
[1529646][1650487612638][main][info]["Proxy configuration has not been setup"]
[1529646][1650487612639][main][info]["CloudProxyManager~init - Success"]
[1529646][1650487612645][main][info]["UpdateHandler~init - Success"]
[1529646][1650487612899][main][info]["RuntimeIPCAgent~started: Success"]
[1529646][1650487612900][main][info]["LinuxAutoUpdater~Cleanup - Initial cleanup successful"]
[1529646][1650487612901][main][info]["LeaderSelection: Initialized successfully"]
[1529646][1650487612902][main][info]["VersionDependencyService: Initialized successfully"]
[1529646][1650487612919][main][info]["GPU detected VID 4318 DID 7938 ACTIVE true"]
[1529646][1650487612934][main][info]["Bootstrap-models~bootstrap - Success"]
[1529646][1650487616687][main][info]["UpdateHandler~app-update-events - Received event",{"name":"checkForElectronVersionUpdated","namespace":"appUpdate"}]
[1529646][1650487616706][main][info]["windowManager: First requester booted successfully."]
[1529646][1650487616707][main][info]["windowManager~restoreWindows: Restoring requester windows"]
[1529646][1650487616707][main][info]["Main~AppEvents - Received booted event for process requester.Version 9.15.11 UI Version: 9.15.11-ui-220404-0850 Desktop Platform Version: 9.15.2"]
[1529646][1650487617692][main][info]["Main - model-events~user - (user, bootstrapUser) received"]
[1529646][1650487748175][main][info]["WindowManager~closeHandler - Closed Window (id: 1 )"]
[1529646][1650487748198][main][info]["Quitting app"]
[122637][1650619198314][main][info]["Booting Postman 9.15.2, linux-5.17.3-arch1-1 on x64"]
[122637][1650619198317][main][info]["EventBus~initialize - Success"]
[122637][1650619198319][main][info]["Proxy configuration has not been setup"]
[122637][1650619198319][main][info]["CloudProxyManager~init - Success"]
[122637][1650619198325][main][info]["UpdateHandler~init - Success"]
[122637][1650619198806][main][info]["RuntimeIPCAgent~started: Success"]
[122637][1650619198808][main][info]["LinuxAutoUpdater~Cleanup - Initial cleanup successful"]
[122637][1650619198809][main][info]["LeaderSelection: Initialized successfully"]
[122637][1650619198809][main][info]["VersionDependencyService: Initialized successfully"]
[122637][1650619198830][main][info]["GPU detected VID 4318 DID 7938 ACTIVE true"]
[122637][1650619198846][main][info]["Bootstrap-models~bootstrap - Success"]
[122637][1650619202363][main][info]["UpdateHandler~app-update-events - Received event",{"name":"checkForElectronVersionUpdated","namespace":"appUpdate"}]
[122637][1650619202382][main][info]["windowManager: First requester booted successfully."]
[122637][1650619202383][main][info]["windowManager~restoreWindows: Restoring requester windows"]
[122637][1650619202383][main][info]["Main~AppEvents - Received booted event for process requester.Version 9.15.11 UI Version: 9.15.11-ui-220404-0850 Desktop Platform Version: 9.15.2"]
[122637][1650619212821][main][info]["UpdateHandler~app-update-events - Received event",{"name":"updateElectron","namespace":"appUpdate","data":{"channel":"stable","version":"9.15.2","downloadVersion":"9.16.0","appId":"76299a32-da3f-4e5d-a7aa-fc6ea1083f52","userAgent":"Mozilla/5.0 (X11; Linux x86_64) AppleWebKit/537.36 (KHTML, like Gecko) Postman/9.15.2 Chrome/91.0.4472.164 Electron/13.6.9 Safari/537.36","platform":"LINUX","arch":"64","downloadURL":"https://dl.pstmn.io/download/version/9.16.0/linux_64","updateServerDomain":"https://dl.pstmn.io/","additionalParamsString":"installationId=76299a32-da3f-4e5d-a7aa-fc6ea1083f52&userId=15795758&syncEnabled=true&teamPlan=&teamId=0","userId":"15795758"}}]
[122637][1650619212821][main][info]["LinuxUpdater~downloadUpdate - UpdateInfo received",{"channel":"stable","version":"9.15.2","downloadVersion":"9.16.0","appId":"76299a32-da3f-4e5d-a7aa-fc6ea1083f52","userAgent":"Mozilla/5.0 (X11; Linux x86_64) AppleWebKit/537.36 (KHTML, like Gecko) Postman/9.15.2 Chrome/91.0.4472.164 Electron/13.6.9 Safari/537.36","platform":"LINUX","arch":"64","downloadURL":"https://dl.pstmn.io/download/version/9.16.0/linux_64","updateServerDomain":"https://dl.pstmn.io/","additionalParamsString":"installationId=76299a32-da3f-4e5d-a7aa-fc6ea1083f52&userId=15795758&syncEnabled=true&teamPlan=&teamId=0","userId":"15795758"}]
[122637][1650619212926][main][info]["@postman/app-updater: error",{"errno":-13,"code":"EACCES","syscall":"open","path":"/opt/postman/Postman-1650619212822.tar.gz","name":"Error","message":"EACCES: permission denied, open '/opt/postman/Postman-1650619212822.tar.gz'","stack":"Error: EACCES: permission denied, open '/opt/postman/Postman-1650619212822.tar.gz'"},{"packageName":"Postman","eID":"Postman-1650619212822","downloadURL":"https://dl.pstmn.io/download/version/9.16.0/linux_64","downloadDirectory":"/opt/postman","downloadInfo":{"status":"DOWNLOAD_ERROR","error":{"errno":-13,"code":"EACCES","syscall":"open","path":"/opt/postman/Postman-1650619212822.tar.gz"},"downloadDirectory":"/opt/postman"}}]
[122637][1650619212927][main][info]["UpdateHandler~app-update-events - Received event",{"name":"electronAppUpdateError","namespace":"appUpdate","data":{"error":{"errno":-13,"code":"EACCES","syscall":"open","path":"/opt/postman/Postman-1650619212822.tar.gz","name":"Error","message":"EACCES: permission denied, open '/opt/postman/Postman-1650619212822.tar.gz'","stack":"Error: EACCES: permission denied, open '/opt/postman/Postman-1650619212822.tar.gz'"},"updateData":{"packageName":"Postman","eID":"Postman-1650619212822","downloadURL":"https://dl.pstmn.io/download/version/9.16.0/linux_64","downloadDirectory":"/opt/postman","downloadInfo":{"status":"DOWNLOAD_ERROR","error":{"errno":-13,"code":"EACCES","syscall":"open","path":"/opt/postman/Postman-1650619212822.tar.gz"},"downloadDirectory":"/opt/postman"}}}}]
[122637][1650619221367][main][info]["Main - model-events~user - (user, bootstrapUser) received"]
[122637][1650664146120][main][info]["Quitting app"]
[633715][1650720670467][main][info]["Booting Postman 9.15.2, linux-5.17.3-arch1-1 on x64"]
[633715][1650720670469][main][info]["EventBus~initialize - Success"]
[633715][1650720670470][main][info]["Proxy configuration has not been setup"]
[633715][1650720670471][main][info]["CloudProxyManager~init - Success"]
[633715][1650720670477][main][info]["UpdateHandler~init - Success"]
[633715][1650720670929][main][info]["RuntimeIPCAgent~started: Success"]
[633715][1650720670931][main][info]["LinuxAutoUpdater~Cleanup - Initial cleanup successful"]
[633715][1650720670931][main][info]["LeaderSelection: Initialized successfully"]
[633715][1650720670932][main][info]["VersionDependencyService: Initialized successfully"]
[633715][1650720670953][main][info]["GPU detected VID 4318 DID 7938 ACTIVE true"]
[633715][1650720670971][main][info]["Bootstrap-models~bootstrap - Success"]
[633715][1650720673966][main][info]["UpdateHandler~app-update-events - Received event",{"name":"checkForElectronVersionUpdated","namespace":"appUpdate"}]
[633715][1650720673980][main][info]["windowManager: First requester booted successfully."]
[633715][1650720673980][main][info]["windowManager~restoreWindows: Restoring requester windows"]
[633715][1650720673980][main][info]["Main~AppEvents - Received booted event for process requester.Version 9.15.13 UI Version: 9.15.13-ui-220412-1245 Desktop Platform Version: 9.15.2"]
[633715][1650720674758][main][info]["Main - model-events~user - (user, bootstrapUser) received"]
[633715][1650721052424][main][info]["WindowManager~closeHandler - Closed Window (id: 1 )"]
[633715][1650721052448][main][info]["Quitting app"]
[699187][1650722720081][main][info]["Booting Postman 9.15.2, linux-5.17.3-arch1-1 on x64"]
[699187][1650722720083][main][info]["EventBus~initialize - Success"]
[699187][1650722720085][main][info]["Proxy configuration has not been setup"]
[699187][1650722720085][main][info]["CloudProxyManager~init - Success"]
[699187][1650722720091][main][info]["UpdateHandler~init - Success"]
[699187][1650722720339][main][info]["RuntimeIPCAgent~started: Success"]
[699187][1650722720341][main][info]["LinuxAutoUpdater~Cleanup - Initial cleanup successful"]
[699187][1650722720342][main][info]["LeaderSelection: Initialized successfully"]
[699187][1650722720342][main][info]["VersionDependencyService: Initialized successfully"]
[699187][1650722720360][main][info]["GPU detected VID 4318 DID 7938 ACTIVE true"]
[699187][1650722720378][main][info]["Bootstrap-models~bootstrap - Success"]
[699187][1650722721991][main][info]["UpdateHandler~app-update-events - Received event",{"name":"checkForElectronVersionUpdated","namespace":"appUpdate"}]
[699187][1650722722008][main][info]["windowManager: First requester booted successfully."]
[699187][1650722722008][main][info]["windowManager~restoreWindows: Restoring requester windows"]
[699187][1650722722009][main][info]["Main~AppEvents - Received booted event for process requester.Version 9.15.13 UI Version: 9.15.13-ui-220412-1245 Desktop Platform Version: 9.15.2"]
[699187][1650722722814][main][info]["Main - model-events~user - (user, bootstrapUser) received"]
[699187][1650723561862][main][info]["WindowManager~closeHandler - Closed Window (id: 1 )"]
[699187][1650723561890][main][info]["Quitting app"]
