[7949][1620985731868][shell][info]["EventBus~initialize - Success"]
[7949][1620985731877][shell][info]["bootShellCrashReporter~ Success"]
[7949][1620985731899][shell][info]["shellController~init: Success"]
[7949][1620985731899][shell][info]["shellMeta~init: Success"]
[7949][1620985731899][shell][info]["partitionMigrationService: State of V7 partition:"]
[7949][1620985731900][shell][info]["partitionMigrationService: V7 partitions",[]]
[7949][1620985731901][shell][info]["partitionMigrationService: V7 lastActiveUser",null]
[7949][1620985731901][shell][info]["partitionMigrationService: V7 activePartition",null]
[7949][1620985731902][shell][info]["partitionMigrationService: V7 isPartitionDirty",null]
[7949][1620985731902][shell][info]["partitionMigrationService~rectifyNamespaceOfScratchPadPartition: There is no partition with scratchpad namespace"]
[7949][1620985731903][shell][info]["partitionMigrationService~rectifyNamespaceOfScratchPadPartition: There is no transit partition which could have been used for scratchpad"]
[7949][1620985731903][shell][info]["partitionMigrationService~init: Success"]
[7949][1620985731903][shell][info]["partitionMigrationService~runV8PartitionsIntegrity: Two way migration~ removing the following partitions from v8",[]]
[7949][1620985731904][shell][info]["userPartitionService~_rectifyTheActivePartitionOfApplication: Setting the active partition to ",null]
[7949][1620985731905][shell][info]["userPartitionService~init: Success"]
[7949][1620985731905][shell][info]["userPartitionService: State of v8 partition system:"]
[7949][1620985731906][shell][info]["userPartitionService: List of partitions:",[]]
[7949][1620985731906][shell][info]["userPartitionService: users global meta:",{"activePartition":null}]
[7949][1620985731906][shell][info]["shell~init~loadView: loading scratchpad partition"]
[7949][1620985731909][shell][info]["shell~init~loadView: loading active partition","6932c39f-94ed-4bb3-a96e-28276e6d6d0e"]
[7949][1620985731910][shell][info]["init~setViewAttributes - Initializing view with opts:",{"id":2,"type":"shared","startTime":1620985730991,"devtools":false,"partitionId":"6932c39f-94ed-4bb3-a96e-28276e6d6d0e"}]
[7949][1620985731911][shell][info]["Shell~init~setViewAttributes: passing scratchpad partition id as ","6932c39f-94ed-4bb3-a96e-28276e6d6d0e"]
[7949][1620985731911][shell][info]["Shell~init~setViewAttributes: do we have any logged in users? ",false]
[7949][1620985731912][shell][info]["init~setViewAttributes - Success"]
[7949][1620985736495][shell][info]["Shell~init~sendUsersDataToRenderer",[]]
[7949][1620985736496][shell][info]["Shell~init~requestTeamIdIfV7Partition: requesting user context from requester web view"]
[7949][1620985737115][shell][info]["Shell~init~attachShellIPCListeners: Received user context from requester web view",{"userId":"0","teamId":"0"}]
[7949][1620985737421][shell][info]["EventBus~initialize - Success"]
[7949][1620985737429][shell][info]["bootShellCrashReporter~ Success"]
[7949][1620985737446][shell][info]["userPartitionService: State of v8 partition system:"]
[7949][1620985737447][shell][info]["userPartitionService: List of partitions:",[{"partitionId":"6932c39f-94ed-4bb3-a96e-28276e6d6d0e","namespace":"scratchPad","userId":0,"teamId":0,"isDirty":false}]]
[7949][1620985737447][shell][info]["userPartitionService: users global meta:",{"activePartition":"6932c39f-94ed-4bb3-a96e-28276e6d6d0e"}]
[7949][1620985737448][shell][info]["shell~init~loadView: loading active partition"]
[7949][1620985737448][shell][info]["shell~init~loadView: loading active partition","6932c39f-94ed-4bb3-a96e-28276e6d6d0e"]
[7949][1620985737449][shell][info]["init~setViewAttributes - Initializing view with opts:",{"id":3,"type":"requester","startTime":1620985736606,"devtools":false,"primaryId":3,"allIds":[3],"partitionId":"6932c39f-94ed-4bb3-a96e-28276e6d6d0e"}]
[7949][1620985737450][shell][info]["Shell~init~setViewAttributes: passing scratchpad partition id as ","6932c39f-94ed-4bb3-a96e-28276e6d6d0e"]
[7949][1620985737450][shell][info]["Shell~init~setViewAttributes: do we have any logged in users? ",false]
[7949][1620985737451][shell][info]["init~setViewAttributes - Success"]
[7949][1620985740185][shell][info]["Shell~init~sendUsersDataToRenderer",[]]
[7949][1620985740240][shell][info]["Shell~init~sendUsersDataToRenderer",[]]
[7949][1620985745119][shell][info]["Shell~init~addNewUser: using transit partition","c20924ca-512b-460f-8491-dbe341b7c806"]
[7949][1620985745119][shell][info]["shell~init~loadView: loading active partition","c20924ca-512b-460f-8491-dbe341b7c806"]
[7949][1620985745120][shell][info]["init~setViewAttributes - Initializing view with opts:",{"id":2,"partitionId":"c20924ca-512b-460f-8491-dbe341b7c806","newUser":true,"type":"shared"}]
[7949][1620985745120][shell][info]["Shell~init~setViewAttributes: passing scratchpad partition id as ","6932c39f-94ed-4bb3-a96e-28276e6d6d0e"]
[7949][1620985745121][shell][info]["Shell~init~setViewAttributes: do we have any logged in users? ",false]
[7949][1620985745121][shell][info]["init~setViewAttributes - Success"]
[7949][1620985751019][shell][info]["Shell~init~sendUsersDataToRenderer",[]]
[7949][1620985751613][shell][info]["EventBus~initialize - Success"]
[7949][1620985751624][shell][info]["bootShellCrashReporter~ Success"]
[7949][1620985751654][shell][info]["userPartitionService: State of v8 partition system:"]
[7949][1620985751654][shell][info]["userPartitionService: List of partitions:",[{"partitionId":"c20924ca-512b-460f-8491-dbe341b7c806","namespace":"users","userId":0,"teamId":0,"lastUpdated":"2021-05-14T09:49:05.118Z"},{"partitionId":"6932c39f-94ed-4bb3-a96e-28276e6d6d0e","namespace":"scratchPad","userId":0,"teamId":0,"isDirty":false}]]
[7949][1620985751655][shell][info]["userPartitionService: users global meta:",{"activePartition":"c20924ca-512b-460f-8491-dbe341b7c806"}]
[7949][1620985751656][shell][info]["shell~init~loadView: loading active partition"]
[7949][1620985751656][shell][info]["shell~init~loadView: loading active partition","c20924ca-512b-460f-8491-dbe341b7c806"]
[7949][1620985751657][shell][info]["init~setViewAttributes - Initializing view with opts:",{"id":6,"type":"requester","startTime":1620985751115,"devtools":false,"primaryId":6,"allIds":[6],"partitionId":"c20924ca-512b-460f-8491-dbe341b7c806"}]
[7949][1620985751658][shell][info]["Shell~init~setViewAttributes: passing scratchpad partition id as ","6932c39f-94ed-4bb3-a96e-28276e6d6d0e"]
[7949][1620985751658][shell][info]["Shell~init~setViewAttributes: do we have any logged in users? ",false]
[7949][1620985751659][shell][info]["init~setViewAttributes - Success"]
[7949][1620985756422][shell][info]["Shell~init~sendUsersDataToRenderer",[]]
[7949][1620985756565][shell][info]["Shell~init~sendUsersDataToRenderer",[]]
[7949][1620985777725][shell][info]["Shell~init~loginUser"]
[7949][1620985777726][shell][info]["Shell~init~loginUser: associating the user ","15795758"," with current partition ","c20924ca-512b-460f-8491-dbe341b7c806"]
[7949][1620985777727][shell][info]["userPartitionService~associateTransitPartition: ",{"partitionId":"c20924ca-512b-460f-8491-dbe341b7c806","context":{"namespace":"users","userId":"15795758","teamId":"0"}}]
[7949][1620985777727][shell][info]["userPartitionService: State of v8 partition system:"]
[7949][1620985777728][shell][info]["userPartitionService: List of partitions:",[{"partitionId":"c20924ca-512b-460f-8491-dbe341b7c806","namespace":"users","userId":"15795758","teamId":"0","lastUpdated":"2021-05-14T09:49:37.727Z"},{"partitionId":"6932c39f-94ed-4bb3-a96e-28276e6d6d0e","namespace":"scratchPad","userId":0,"teamId":0,"isDirty":false}]]
[7949][1620985777735][shell][info]["userPartitionService: users global meta:",{"activePartition":"c20924ca-512b-460f-8491-dbe341b7c806"}]
[7949][1620985777736][shell][info]["Shell~init~sendUsersDataToRenderer",["15795758"]]
[7949][1620985778229][shell][info]["EventBus~initialize - Success"]
[7949][1620985778233][shell][info]["bootShellCrashReporter~ Success"]
[7949][1620985778254][shell][info]["userPartitionService: State of v8 partition system:"]
[7949][1620985778255][shell][info]["userPartitionService: List of partitions:",[{"partitionId":"c20924ca-512b-460f-8491-dbe341b7c806","namespace":"users","userId":"15795758","teamId":"0","lastUpdated":"2021-05-14T09:49:37.727Z"},{"partitionId":"6932c39f-94ed-4bb3-a96e-28276e6d6d0e","namespace":"scratchPad","userId":0,"teamId":0,"isDirty":false}]]
[7949][1620985778255][shell][info]["userPartitionService: users global meta:",{"activePartition":"c20924ca-512b-460f-8491-dbe341b7c806"}]
[7949][1620985778256][shell][info]["shell~init~loadView: loading active partition"]
[7949][1620985778256][shell][info]["shell~init~loadView: loading active partition","c20924ca-512b-460f-8491-dbe341b7c806"]
[7949][1620985778257][shell][info]["init~setViewAttributes - Initializing view with opts:",{"id":6,"type":"requester","startTime":1620985751115,"devtools":false,"primaryId":6,"allIds":[6],"partitionId":"c20924ca-512b-460f-8491-dbe341b7c806"}]
[7949][1620985778258][shell][info]["Shell~init~setViewAttributes: passing scratchpad partition id as ","6932c39f-94ed-4bb3-a96e-28276e6d6d0e"]
[7949][1620985778258][shell][info]["Shell~init~setViewAttributes: do we have any logged in users? ",true]
[7949][1620985778259][shell][info]["init~setViewAttributes - Success"]
[7949][1620985781044][shell][info]["Shell~init~sendUsersDataToRenderer",["15795758"]]
[7949][1620985781086][shell][info]["Shell~init~sendUsersDataToRenderer",["15795758"]]
[7949][1620985782688][shell][info]["model-events~user - bootstrapUser received"]
[7949][1620985782695][shell][info]["userPartitionService~associateTransitPartition: ",{"partitionId":"c20924ca-512b-460f-8491-dbe341b7c806","context":{"namespace":"users","userId":"15795758","teamId":"0"}}]
[7949][1620985782695][shell][info]["userPartitionService: State of v8 partition system:"]
[7949][1620985782695][shell][info]["userPartitionService: List of partitions:",[{"partitionId":"c20924ca-512b-460f-8491-dbe341b7c806","namespace":"users","userId":"15795758","teamId":"0","lastUpdated":"2021-05-14T09:49:42.695Z"},{"partitionId":"6932c39f-94ed-4bb3-a96e-28276e6d6d0e","namespace":"scratchPad","userId":0,"teamId":0,"isDirty":false}]]
[7949][1620985782696][shell][info]["userPartitionService: users global meta:",{"activePartition":"c20924ca-512b-460f-8491-dbe341b7c806"}]
[8811][1620985790983][shell][info]["EventBus~initialize - Success"]
[8811][1620985790991][shell][info]["bootShellCrashReporter~ Success"]
[8811][1620985791012][shell][info]["shellController~init: Success"]
[8811][1620985791013][shell][info]["shellMeta~init: Success"]
[8811][1620985791014][shell][info]["partitionMigrationService: State of V7 partition:"]
[8811][1620985791014][shell][info]["partitionMigrationService: V7 partitions",[]]
[8811][1620985791015][shell][info]["partitionMigrationService: V7 lastActiveUser",null]
[8811][1620985791015][shell][info]["partitionMigrationService: V7 activePartition",null]
[8811][1620985791015][shell][info]["partitionMigrationService: V7 isPartitionDirty",null]
[8811][1620985791016][shell][info]["partitionMigrationService~init: Success"]
[8811][1620985791016][shell][info]["partitionMigrationService~runV8PartitionsIntegrity: Two way migration~ removing the following partitions from v8",[]]
[8811][1620985791017][shell][info]["userPartitionService~getRecentV8UserPartition: recent v8 user context partition ","c20924ca-512b-460f-8491-dbe341b7c806"]
[8811][1620985791017][shell][info]["userPartitionService~_rectifyTheActivePartitionOfApplication: Setting the active partition to ","c20924ca-512b-460f-8491-dbe341b7c806"]
[8811][1620985791018][shell][info]["userPartitionService~init: Success"]
[8811][1620985791019][shell][info]["userPartitionService: State of v8 partition system:"]
[8811][1620985791019][shell][info]["userPartitionService: List of partitions:",[{"partitionId":"c20924ca-512b-460f-8491-dbe341b7c806","namespace":"users","userId":"15795758","teamId":"0","lastUpdated":"2021-05-14T09:49:42.695Z"},{"partitionId":"6932c39f-94ed-4bb3-a96e-28276e6d6d0e","namespace":"scratchPad","userId":0,"teamId":0,"isDirty":false}]]
[8811][1620985791020][shell][info]["userPartitionService: users global meta:",{"activePartition":"c20924ca-512b-460f-8491-dbe341b7c806"}]
[8811][1620985791021][shell][info]["shell~init~loadView: loading active partition"]
[8811][1620985791021][shell][info]["shell~init~loadView: loading active partition","c20924ca-512b-460f-8491-dbe341b7c806"]
[8811][1620985791023][shell][info]["init~setViewAttributes - Initializing view with opts:",{"id":2,"type":"shared","startTime":1620985790572,"devtools":false,"partitionId":"c20924ca-512b-460f-8491-dbe341b7c806"}]
[8811][1620985791024][shell][info]["Shell~init~setViewAttributes: passing scratchpad partition id as ","6932c39f-94ed-4bb3-a96e-28276e6d6d0e"]
[8811][1620985791024][shell][info]["Shell~init~setViewAttributes: do we have any logged in users? ",true]
[8811][1620985791025][shell][info]["init~setViewAttributes - Success"]
[8811][1620985794082][shell][info]["Shell~init~sendUsersDataToRenderer",["15795758"]]
[8811][1620985794477][shell][info]["EventBus~initialize - Success"]
[8811][1620985794486][shell][info]["bootShellCrashReporter~ Success"]
[8811][1620985794507][shell][info]["userPartitionService: State of v8 partition system:"]
[8811][1620985794508][shell][info]["userPartitionService: List of partitions:",[{"partitionId":"c20924ca-512b-460f-8491-dbe341b7c806","namespace":"users","userId":"15795758","teamId":"0","lastUpdated":"2021-05-14T09:49:42.695Z"},{"partitionId":"6932c39f-94ed-4bb3-a96e-28276e6d6d0e","namespace":"scratchPad","userId":0,"teamId":0,"isDirty":false}]]
[8811][1620985794509][shell][info]["userPartitionService: users global meta:",{"activePartition":"c20924ca-512b-460f-8491-dbe341b7c806"}]
[8811][1620985794509][shell][info]["shell~init~loadView: loading active partition"]
[8811][1620985794510][shell][info]["shell~init~loadView: loading active partition","c20924ca-512b-460f-8491-dbe341b7c806"]
[8811][1620985794511][shell][info]["init~setViewAttributes - Initializing view with opts:",{"id":3,"type":"requester","startTime":1620985794114,"devtools":false,"primaryId":3,"allIds":[3],"partitionId":"c20924ca-512b-460f-8491-dbe341b7c806"}]
[8811][1620985794512][shell][info]["Shell~init~setViewAttributes: passing scratchpad partition id as ","6932c39f-94ed-4bb3-a96e-28276e6d6d0e"]
[8811][1620985794512][shell][info]["Shell~init~setViewAttributes: do we have any logged in users? ",true]
[8811][1620985794513][shell][info]["init~setViewAttributes - Success"]
[8811][1620985797155][shell][info]["Shell~init~sendUsersDataToRenderer",["15795758"]]
[8811][1620985797210][shell][info]["Shell~init~sendUsersDataToRenderer",["15795758"]]
[8811][1620985798462][shell][info]["model-events~user - bootstrapUser received"]
[8811][1620985798463][shell][info]["userPartitionService~associateTransitPartition: ",{"partitionId":"c20924ca-512b-460f-8491-dbe341b7c806","context":{"namespace":"users","userId":"15795758","teamId":"0"}}]
[8811][1620985798463][shell][info]["userPartitionService: State of v8 partition system:"]
[8811][1620985798464][shell][info]["userPartitionService: List of partitions:",[{"partitionId":"c20924ca-512b-460f-8491-dbe341b7c806","namespace":"users","userId":"15795758","teamId":"0","lastUpdated":"2021-05-14T09:49:58.462Z"},{"partitionId":"6932c39f-94ed-4bb3-a96e-28276e6d6d0e","namespace":"scratchPad","userId":0,"teamId":0,"isDirty":false}]]
[8811][1620985798465][shell][info]["userPartitionService: users global meta:",{"activePartition":"c20924ca-512b-460f-8491-dbe341b7c806"}]
[5469][1621455990353][shell][info]["EventBus~initialize - Success"]
[5469][1621455990646][shell][info]["bootShellCrashReporter~ Success"]
[5469][1621455990697][shell][info]["shellController~init: Success"]
[5469][1621455990698][shell][info]["shellMeta~init: Success"]
[5469][1621455990698][shell][info]["partitionMigrationService: State of V7 partition:"]
[5469][1621455990698][shell][info]["partitionMigrationService: V7 partitions",[]]
[5469][1621455990699][shell][info]["partitionMigrationService: V7 lastActiveUser",null]
[5469][1621455990699][shell][info]["partitionMigrationService: V7 activePartition",null]
[5469][1621455990699][shell][info]["partitionMigrationService: V7 isPartitionDirty",null]
[5469][1621455990700][shell][info]["partitionMigrationService~init: Success"]
[5469][1621455990700][shell][info]["partitionMigrationService~runV8PartitionsIntegrity: Two way migration~ removing the following partitions from v8",[]]
[5469][1621455990701][shell][info]["userPartitionService~getRecentV8UserPartition: recent v8 user context partition ","c20924ca-512b-460f-8491-dbe341b7c806"]
[5469][1621455990701][shell][info]["userPartitionService~_rectifyTheActivePartitionOfApplication: Setting the active partition to ","c20924ca-512b-460f-8491-dbe341b7c806"]
[5469][1621455990702][shell][info]["userPartitionService~init: Success"]
[5469][1621455990702][shell][info]["userPartitionService: State of v8 partition system:"]
[5469][1621455990703][shell][info]["userPartitionService: List of partitions:",[{"partitionId":"c20924ca-512b-460f-8491-dbe341b7c806","namespace":"users","userId":"15795758","teamId":"0","lastUpdated":"2021-05-14T09:49:58.462Z"},{"partitionId":"6932c39f-94ed-4bb3-a96e-28276e6d6d0e","namespace":"scratchPad","userId":0,"teamId":0,"isDirty":false}]]
[5469][1621455990703][shell][info]["userPartitionService: users global meta:",{"activePartition":"c20924ca-512b-460f-8491-dbe341b7c806"}]
[5469][1621455990704][shell][info]["shell~init~loadView: loading active partition"]
[5469][1621455990705][shell][info]["shell~init~loadView: loading active partition","c20924ca-512b-460f-8491-dbe341b7c806"]
[5469][1621455990706][shell][info]["init~setViewAttributes - Initializing view with opts:",{"id":2,"type":"shared","startTime":1621455988752,"devtools":false,"partitionId":"c20924ca-512b-460f-8491-dbe341b7c806"}]
[5469][1621455990707][shell][info]["Shell~init~setViewAttributes: passing scratchpad partition id as ","6932c39f-94ed-4bb3-a96e-28276e6d6d0e"]
[5469][1621455990707][shell][info]["Shell~init~setViewAttributes: do we have any logged in users? ",true]
[5469][1621455990708][shell][info]["init~setViewAttributes - Success"]
[5469][1621455994294][shell][info]["Shell~init~sendUsersDataToRenderer",["15795758"]]
[5469][1621455994738][shell][info]["EventBus~initialize - Success"]
[5469][1621455994748][shell][info]["bootShellCrashReporter~ Success"]
[5469][1621455994768][shell][info]["userPartitionService: State of v8 partition system:"]
[5469][1621455994769][shell][info]["userPartitionService: List of partitions:",[{"partitionId":"c20924ca-512b-460f-8491-dbe341b7c806","namespace":"users","userId":"15795758","teamId":"0","lastUpdated":"2021-05-14T09:49:58.462Z"},{"partitionId":"6932c39f-94ed-4bb3-a96e-28276e6d6d0e","namespace":"scratchPad","userId":0,"teamId":0,"isDirty":false}]]
[5469][1621455994770][shell][info]["userPartitionService: users global meta:",{"activePartition":"c20924ca-512b-460f-8491-dbe341b7c806"}]
[5469][1621455994770][shell][info]["shell~init~loadView: loading active partition"]
[5469][1621455994770][shell][info]["shell~init~loadView: loading active partition","c20924ca-512b-460f-8491-dbe341b7c806"]
[5469][1621455994771][shell][info]["init~setViewAttributes - Initializing view with opts:",{"id":3,"type":"requester","startTime":1621455994378,"devtools":false,"primaryId":3,"allIds":[3],"partitionId":"c20924ca-512b-460f-8491-dbe341b7c806"}]
[5469][1621455994772][shell][info]["Shell~init~setViewAttributes: passing scratchpad partition id as ","6932c39f-94ed-4bb3-a96e-28276e6d6d0e"]
[5469][1621455994773][shell][info]["Shell~init~setViewAttributes: do we have any logged in users? ",true]
[5469][1621455994773][shell][info]["init~setViewAttributes - Success"]
[5469][1621455997423][shell][info]["Shell~init~sendUsersDataToRenderer",["15795758"]]
[5469][1621455997487][shell][info]["Shell~init~sendUsersDataToRenderer",["15795758"]]
[5469][1621455999635][shell][info]["model-events~user - bootstrapUser received"]
[5469][1621455999637][shell][info]["userPartitionService~associateTransitPartition: ",{"partitionId":"c20924ca-512b-460f-8491-dbe341b7c806","context":{"namespace":"users","userId":"15795758","teamId":"0"}}]
[5469][1621455999637][shell][info]["userPartitionService: State of v8 partition system:"]
[5469][1621455999637][shell][info]["userPartitionService: List of partitions:",[{"partitionId":"c20924ca-512b-460f-8491-dbe341b7c806","namespace":"users","userId":"15795758","teamId":"0","lastUpdated":"2021-05-19T20:26:39.637Z"},{"partitionId":"6932c39f-94ed-4bb3-a96e-28276e6d6d0e","namespace":"scratchPad","userId":0,"teamId":0,"isDirty":false}]]
[5469][1621455999638][shell][info]["userPartitionService: users global meta:",{"activePartition":"c20924ca-512b-460f-8491-dbe341b7c806"}]
[10599][1621496114066][shell][info]["EventBus~initialize - Success"]
[10599][1621496114199][shell][info]["bootShellCrashReporter~ Success"]
[10599][1621496114263][shell][info]["shellController~init: Success"]
[10599][1621496114263][shell][info]["shellMeta~init: Success"]
[10599][1621496114263][shell][info]["partitionMigrationService: State of V7 partition:"]
[10599][1621496114263][shell][info]["partitionMigrationService: V7 partitions",[]]
[10599][1621496114264][shell][info]["partitionMigrationService: V7 lastActiveUser",null]
[10599][1621496114264][shell][info]["partitionMigrationService: V7 activePartition",null]
[10599][1621496114264][shell][info]["partitionMigrationService: V7 isPartitionDirty",null]
[10599][1621496114265][shell][info]["partitionMigrationService~init: Success"]
[10599][1621496114266][shell][info]["partitionMigrationService~runV8PartitionsIntegrity: Two way migration~ removing the following partitions from v8",[]]
[10599][1621496114266][shell][info]["userPartitionService~getRecentV8UserPartition: recent v8 user context partition ","c20924ca-512b-460f-8491-dbe341b7c806"]
[10599][1621496114267][shell][info]["userPartitionService~_rectifyTheActivePartitionOfApplication: Setting the active partition to ","c20924ca-512b-460f-8491-dbe341b7c806"]
[10599][1621496114267][shell][info]["userPartitionService~init: Success"]
[10599][1621496114268][shell][info]["userPartitionService: State of v8 partition system:"]
[10599][1621496114269][shell][info]["userPartitionService: List of partitions:",[{"partitionId":"c20924ca-512b-460f-8491-dbe341b7c806","namespace":"users","userId":"15795758","teamId":"0","lastUpdated":"2021-05-19T20:26:39.637Z"},{"partitionId":"6932c39f-94ed-4bb3-a96e-28276e6d6d0e","namespace":"scratchPad","userId":0,"teamId":0,"isDirty":false}]]
[10599][1621496114269][shell][info]["userPartitionService: users global meta:",{"activePartition":"c20924ca-512b-460f-8491-dbe341b7c806"}]
[10599][1621496114270][shell][info]["shell~init~loadView: loading active partition"]
[10599][1621496114271][shell][info]["shell~init~loadView: loading active partition","c20924ca-512b-460f-8491-dbe341b7c806"]
[10599][1621496114272][shell][info]["init~setViewAttributes - Initializing view with opts:",{"id":2,"type":"shared","startTime":1621496112615,"devtools":false,"partitionId":"c20924ca-512b-460f-8491-dbe341b7c806"}]
[10599][1621496114273][shell][info]["Shell~init~setViewAttributes: passing scratchpad partition id as ","6932c39f-94ed-4bb3-a96e-28276e6d6d0e"]
[10599][1621496114273][shell][info]["Shell~init~setViewAttributes: do we have any logged in users? ",true]
[10599][1621496114274][shell][info]["init~setViewAttributes - Success"]
[10599][1621496118292][shell][info]["Shell~init~sendUsersDataToRenderer",["15795758"]]
[10599][1621496119143][shell][info]["EventBus~initialize - Success"]
[10599][1621496119150][shell][info]["bootShellCrashReporter~ Success"]
[10599][1621496119182][shell][info]["userPartitionService: State of v8 partition system:"]
[10599][1621496119182][shell][info]["userPartitionService: List of partitions:",[{"partitionId":"c20924ca-512b-460f-8491-dbe341b7c806","namespace":"users","userId":"15795758","teamId":"0","lastUpdated":"2021-05-19T20:26:39.637Z"},{"partitionId":"6932c39f-94ed-4bb3-a96e-28276e6d6d0e","namespace":"scratchPad","userId":0,"teamId":0,"isDirty":false}]]
[10599][1621496119183][shell][info]["userPartitionService: users global meta:",{"activePartition":"c20924ca-512b-460f-8491-dbe341b7c806"}]
[10599][1621496119183][shell][info]["shell~init~loadView: loading active partition"]
[10599][1621496119184][shell][info]["shell~init~loadView: loading active partition","c20924ca-512b-460f-8491-dbe341b7c806"]
[10599][1621496119185][shell][info]["init~setViewAttributes - Initializing view with opts:",{"id":3,"type":"requester","startTime":1621496118404,"devtools":false,"primaryId":3,"allIds":[3],"partitionId":"c20924ca-512b-460f-8491-dbe341b7c806"}]
[10599][1621496119186][shell][info]["Shell~init~setViewAttributes: passing scratchpad partition id as ","6932c39f-94ed-4bb3-a96e-28276e6d6d0e"]
[10599][1621496119187][shell][info]["Shell~init~setViewAttributes: do we have any logged in users? ",true]
[10599][1621496119188][shell][info]["init~setViewAttributes - Success"]
[10599][1621496121872][shell][info]["Shell~init~sendUsersDataToRenderer",["15795758"]]
[10599][1621496121981][shell][info]["Shell~init~sendUsersDataToRenderer",["15795758"]]
[10599][1621496123113][shell][info]["model-events~user - bootstrapUser received"]
[10599][1621496123115][shell][info]["userPartitionService~associateTransitPartition: ",{"partitionId":"c20924ca-512b-460f-8491-dbe341b7c806","context":{"namespace":"users","userId":"15795758","teamId":"0"}}]
[10599][1621496123115][shell][info]["userPartitionService: State of v8 partition system:"]
[10599][1621496123116][shell][info]["userPartitionService: List of partitions:",[{"partitionId":"c20924ca-512b-460f-8491-dbe341b7c806","namespace":"users","userId":"15795758","teamId":"0","lastUpdated":"2021-05-20T07:35:23.115Z"},{"partitionId":"6932c39f-94ed-4bb3-a96e-28276e6d6d0e","namespace":"scratchPad","userId":0,"teamId":0,"isDirty":false}]]
[10599][1621496123116][shell][info]["userPartitionService: users global meta:",{"activePartition":"c20924ca-512b-460f-8491-dbe341b7c806"}]
[8024][1626518548309][shell][info]["EventBus~initialize - Success"]
[8024][1626518548399][shell][info]["bootShellCrashReporter~ Success"]
[8024][1626518548468][shell][info]["shellController~init: Success"]
[8024][1626518548468][shell][info]["shellMeta~init: Success"]
[8024][1626518548469][shell][info]["partitionMigrationService: State of V7 partition:"]
[8024][1626518548469][shell][info]["partitionMigrationService: V7 partitions",[]]
[8024][1626518548469][shell][info]["partitionMigrationService: V7 lastActiveUser",null]
[8024][1626518548470][shell][info]["partitionMigrationService: V7 activePartition",null]
[8024][1626518548470][shell][info]["partitionMigrationService: V7 isPartitionDirty",null]
[8024][1626518548471][shell][info]["partitionMigrationService~init: Success"]
[8024][1626518548472][shell][info]["partitionMigrationService~runV8PartitionsIntegrity: Two way migration~ removing the following partitions from v8",[]]
[8024][1626518548473][shell][info]["userPartitionService~getRecentV8UserPartition: recent v8 user context partition ","c20924ca-512b-460f-8491-dbe341b7c806"]
[8024][1626518548473][shell][info]["userPartitionService~_rectifyTheActivePartitionOfApplication: Setting the active partition to ","c20924ca-512b-460f-8491-dbe341b7c806"]
[8024][1626518548474][shell][info]["userPartitionService~init: Success"]
[8024][1626518548475][shell][info]["userPartitionService: State of v8 partition system:"]
[8024][1626518548475][shell][info]["userPartitionService: List of partitions:",[{"partitionId":"c20924ca-512b-460f-8491-dbe341b7c806","namespace":"users","userId":"15795758","teamId":"0","lastUpdated":"2021-05-20T07:35:23.115Z"},{"partitionId":"6932c39f-94ed-4bb3-a96e-28276e6d6d0e","namespace":"scratchPad","userId":0,"teamId":0,"isDirty":false}]]
[8024][1626518548476][shell][info]["userPartitionService: users global meta:",{"activePartition":"c20924ca-512b-460f-8491-dbe341b7c806"}]
[8024][1626518548477][shell][info]["shell~init~loadView: loading active partition"]
[8024][1626518548477][shell][info]["shell~init~loadView: loading active partition","c20924ca-512b-460f-8491-dbe341b7c806"]
[8024][1626518548478][shell][info]["init~setViewAttributes - Initializing view with opts:",{"id":2,"type":"shared","startTime":1626518546578,"devtools":false,"partitionId":"c20924ca-512b-460f-8491-dbe341b7c806"}]
[8024][1626518548479][shell][info]["Shell~init~setViewAttributes: passing scratchpad partition id as ","6932c39f-94ed-4bb3-a96e-28276e6d6d0e"]
[8024][1626518548479][shell][info]["Shell~init~setViewAttributes: do we have any logged in users? ",true]
[8024][1626518548480][shell][info]["init~setViewAttributes - Success"]
[8024][1626518551767][shell][info]["Shell~init~sendUsersDataToRenderer",["15795758"]]
[8024][1626518552409][shell][info]["EventBus~initialize - Success"]
[8024][1626518552416][shell][info]["bootShellCrashReporter~ Success"]
[8024][1626518552444][shell][info]["userPartitionService: State of v8 partition system:"]
[8024][1626518552445][shell][info]["userPartitionService: List of partitions:",[{"partitionId":"c20924ca-512b-460f-8491-dbe341b7c806","namespace":"users","userId":"15795758","teamId":"0","lastUpdated":"2021-05-20T07:35:23.115Z"},{"partitionId":"6932c39f-94ed-4bb3-a96e-28276e6d6d0e","namespace":"scratchPad","userId":0,"teamId":0,"isDirty":false}]]
[8024][1626518552446][shell][info]["userPartitionService: users global meta:",{"activePartition":"c20924ca-512b-460f-8491-dbe341b7c806"}]
[8024][1626518552446][shell][info]["shell~init~loadView: loading active partition"]
[8024][1626518552447][shell][info]["shell~init~loadView: loading active partition","c20924ca-512b-460f-8491-dbe341b7c806"]
[8024][1626518552448][shell][info]["init~setViewAttributes - Initializing view with opts:",{"id":3,"type":"requester","startTime":1626518551831,"devtools":false,"primaryId":3,"allIds":[3],"partitionId":"c20924ca-512b-460f-8491-dbe341b7c806"}]
[8024][1626518552450][shell][info]["Shell~init~setViewAttributes: passing scratchpad partition id as ","6932c39f-94ed-4bb3-a96e-28276e6d6d0e"]
[8024][1626518552450][shell][info]["Shell~init~setViewAttributes: do we have any logged in users? ",true]
[8024][1626518552452][shell][info]["init~setViewAttributes - Success"]
[8024][1626518555664][shell][info]["Shell~init~sendUsersDataToRenderer",["15795758"]]
[8024][1626518555725][shell][info]["Shell~init~sendUsersDataToRenderer",["15795758"]]
[8024][1626518556991][shell][info]["model-events~user - bootstrapUser received"]
[8024][1626518556996][shell][info]["userPartitionService~associateTransitPartition: ",{"partitionId":"c20924ca-512b-460f-8491-dbe341b7c806","context":{"namespace":"users","userId":"15795758","teamId":"0"}}]
[8024][1626518556997][shell][info]["userPartitionService: State of v8 partition system:"]
[8024][1626518556998][shell][info]["userPartitionService: List of partitions:",[{"partitionId":"c20924ca-512b-460f-8491-dbe341b7c806","namespace":"users","userId":"15795758","teamId":"0","lastUpdated":"2021-07-17T10:42:36.996Z"},{"partitionId":"6932c39f-94ed-4bb3-a96e-28276e6d6d0e","namespace":"scratchPad","userId":0,"teamId":0,"isDirty":false}]]
[8024][1626518556999][shell][info]["userPartitionService: users global meta:",{"activePartition":"c20924ca-512b-460f-8491-dbe341b7c806"}]
[10668][1626520801812][shell][info]["EventBus~initialize - Success"]
[10668][1626520801819][shell][info]["bootShellCrashReporter~ Success"]
[10668][1626520801833][shell][info]["shellController~init: Success"]
[10668][1626520801833][shell][info]["shellMeta~init: Success"]
[10668][1626520801834][shell][info]["partitionMigrationService: State of V7 partition:"]
[10668][1626520801834][shell][info]["partitionMigrationService: V7 partitions",[]]
[10668][1626520801834][shell][info]["partitionMigrationService: V7 lastActiveUser",null]
[10668][1626520801835][shell][info]["partitionMigrationService: V7 activePartition",null]
[10668][1626520801835][shell][info]["partitionMigrationService: V7 isPartitionDirty",null]
[10668][1626520801835][shell][info]["partitionMigrationService~init: Success"]
[10668][1626520801836][shell][info]["partitionMigrationService~runV8PartitionsIntegrity: Two way migration~ removing the following partitions from v8",[]]
[10668][1626520801837][shell][info]["userPartitionService~getRecentV8UserPartition: recent v8 user context partition ","c20924ca-512b-460f-8491-dbe341b7c806"]
[10668][1626520801837][shell][info]["userPartitionService~_rectifyTheActivePartitionOfApplication: Setting the active partition to ","c20924ca-512b-460f-8491-dbe341b7c806"]
[10668][1626520801837][shell][info]["userPartitionService~init: Success"]
[10668][1626520801838][shell][info]["userPartitionService: State of v8 partition system:"]
[10668][1626520801839][shell][info]["userPartitionService: List of partitions:",[{"partitionId":"c20924ca-512b-460f-8491-dbe341b7c806","namespace":"users","userId":"15795758","teamId":"0","lastUpdated":"2021-07-17T10:42:36.996Z"},{"partitionId":"6932c39f-94ed-4bb3-a96e-28276e6d6d0e","namespace":"scratchPad","userId":0,"teamId":0,"isDirty":false}]]
[10668][1626520801839][shell][info]["userPartitionService: users global meta:",{"activePartition":"c20924ca-512b-460f-8491-dbe341b7c806"}]
[10668][1626520801840][shell][info]["shell~init~loadView: loading active partition"]
[10668][1626520801840][shell][info]["shell~init~loadView: loading active partition","c20924ca-512b-460f-8491-dbe341b7c806"]
[10668][1626520801841][shell][info]["init~setViewAttributes - Initializing view with opts:",{"id":2,"type":"shared","startTime":1626520801400,"devtools":false,"partitionId":"c20924ca-512b-460f-8491-dbe341b7c806"}]
[10668][1626520801842][shell][info]["Shell~init~setViewAttributes: passing scratchpad partition id as ","6932c39f-94ed-4bb3-a96e-28276e6d6d0e"]
[10668][1626520801842][shell][info]["Shell~init~setViewAttributes: do we have any logged in users? ",true]
[10668][1626520801843][shell][info]["init~setViewAttributes - Success"]
[10668][1626520804138][shell][info]["Shell~init~sendUsersDataToRenderer",["15795758"]]
[10668][1626520804889][shell][info]["EventBus~initialize - Success"]
[10668][1626520804895][shell][info]["bootShellCrashReporter~ Success"]
[10668][1626520804905][shell][info]["userPartitionService: State of v8 partition system:"]
[10668][1626520804906][shell][info]["userPartitionService: List of partitions:",[{"partitionId":"c20924ca-512b-460f-8491-dbe341b7c806","namespace":"users","userId":"15795758","teamId":"0","lastUpdated":"2021-07-17T10:42:36.996Z"},{"partitionId":"6932c39f-94ed-4bb3-a96e-28276e6d6d0e","namespace":"scratchPad","userId":0,"teamId":0,"isDirty":false}]]
[10668][1626520804907][shell][info]["userPartitionService: users global meta:",{"activePartition":"c20924ca-512b-460f-8491-dbe341b7c806"}]
[10668][1626520804907][shell][info]["shell~init~loadView: loading active partition"]
[10668][1626520804907][shell][info]["shell~init~loadView: loading active partition","c20924ca-512b-460f-8491-dbe341b7c806"]
[10668][1626520804908][shell][info]["init~setViewAttributes - Initializing view with opts:",{"id":3,"type":"requester","startTime":1626520804205,"devtools":false,"primaryId":3,"allIds":[3],"partitionId":"c20924ca-512b-460f-8491-dbe341b7c806"}]
[10668][1626520804909][shell][info]["Shell~init~setViewAttributes: passing scratchpad partition id as ","6932c39f-94ed-4bb3-a96e-28276e6d6d0e"]
[10668][1626520804910][shell][info]["Shell~init~setViewAttributes: do we have any logged in users? ",true]
[10668][1626520804910][shell][info]["init~setViewAttributes - Success"]
[10668][1626520807432][shell][info]["Shell~init~sendUsersDataToRenderer",["15795758"]]
[10668][1626520807488][shell][info]["Shell~init~sendUsersDataToRenderer",["15795758"]]
[10668][1626520808814][shell][info]["model-events~user - bootstrapUser received"]
[10668][1626520808815][shell][info]["userPartitionService~associateTransitPartition: ",{"partitionId":"c20924ca-512b-460f-8491-dbe341b7c806","context":{"namespace":"users","userId":"15795758","teamId":"0"}}]
[10668][1626520808815][shell][info]["userPartitionService: State of v8 partition system:"]
[10668][1626520808815][shell][info]["userPartitionService: List of partitions:",[{"partitionId":"c20924ca-512b-460f-8491-dbe341b7c806","namespace":"users","userId":"15795758","teamId":"0","lastUpdated":"2021-07-17T11:20:08.815Z"},{"partitionId":"6932c39f-94ed-4bb3-a96e-28276e6d6d0e","namespace":"scratchPad","userId":0,"teamId":0,"isDirty":false}]]
[10668][1626520808816][shell][info]["userPartitionService: users global meta:",{"activePartition":"c20924ca-512b-460f-8491-dbe341b7c806"}]
[9994][1626782243240][shell][info]["EventBus~initialize - Success"]
[9994][1626782243369][shell][info]["bootShellCrashReporter~ Success"]
[9994][1626782243435][shell][info]["shellController~init: Success"]
[9994][1626782243435][shell][info]["shellMeta~init: Success"]
[9994][1626782243436][shell][info]["partitionMigrationService: State of V7 partition:"]
[9994][1626782243436][shell][info]["partitionMigrationService: V7 partitions",[]]
[9994][1626782243436][shell][info]["partitionMigrationService: V7 lastActiveUser",null]
[9994][1626782243436][shell][info]["partitionMigrationService: V7 activePartition",null]
[9994][1626782243437][shell][info]["partitionMigrationService: V7 isPartitionDirty",null]
[9994][1626782243437][shell][info]["partitionMigrationService~init: Success"]
[9994][1626782243438][shell][info]["partitionMigrationService~runV8PartitionsIntegrity: Two way migration~ removing the following partitions from v8",[]]
[9994][1626782243438][shell][info]["userPartitionService~getRecentV8UserPartition: recent v8 user context partition ","c20924ca-512b-460f-8491-dbe341b7c806"]
[9994][1626782243439][shell][info]["userPartitionService~_rectifyTheActivePartitionOfApplication: Setting the active partition to ","c20924ca-512b-460f-8491-dbe341b7c806"]
[9994][1626782243439][shell][info]["userPartitionService~init: Success"]
[9994][1626782243443][shell][info]["userPartitionService: State of v8 partition system:"]
[9994][1626782243444][shell][info]["userPartitionService: List of partitions:",[{"partitionId":"c20924ca-512b-460f-8491-dbe341b7c806","namespace":"users","userId":"15795758","teamId":"0","lastUpdated":"2021-07-17T11:20:08.815Z"},{"partitionId":"6932c39f-94ed-4bb3-a96e-28276e6d6d0e","namespace":"scratchPad","userId":0,"teamId":0,"isDirty":false}]]
[9994][1626782243444][shell][info]["userPartitionService: users global meta:",{"activePartition":"c20924ca-512b-460f-8491-dbe341b7c806"}]
[9994][1626782243445][shell][info]["shell~init~loadView: loading active partition"]
[9994][1626782243445][shell][info]["shell~init~loadView: loading active partition","c20924ca-512b-460f-8491-dbe341b7c806"]
[9994][1626782243446][shell][info]["init~setViewAttributes - Initializing view with opts:",{"id":2,"type":"shared","startTime":1626782241541,"devtools":false,"partitionId":"c20924ca-512b-460f-8491-dbe341b7c806"}]
[9994][1626782243447][shell][info]["Shell~init~setViewAttributes: passing scratchpad partition id as ","6932c39f-94ed-4bb3-a96e-28276e6d6d0e"]
[9994][1626782243447][shell][info]["Shell~init~setViewAttributes: do we have any logged in users? ",true]
[9994][1626782243448][shell][info]["init~setViewAttributes - Success"]
[9994][1626782246902][shell][info]["Shell~init~sendUsersDataToRenderer",["15795758"]]
[9994][1626782247689][shell][info]["EventBus~initialize - Success"]
[9994][1626782247698][shell][info]["bootShellCrashReporter~ Success"]
[9994][1626782247723][shell][info]["userPartitionService: State of v8 partition system:"]
[9994][1626782247724][shell][info]["userPartitionService: List of partitions:",[{"partitionId":"c20924ca-512b-460f-8491-dbe341b7c806","namespace":"users","userId":"15795758","teamId":"0","lastUpdated":"2021-07-17T11:20:08.815Z"},{"partitionId":"6932c39f-94ed-4bb3-a96e-28276e6d6d0e","namespace":"scratchPad","userId":0,"teamId":0,"isDirty":false}]]
[9994][1626782247724][shell][info]["userPartitionService: users global meta:",{"activePartition":"c20924ca-512b-460f-8491-dbe341b7c806"}]
[9994][1626782247725][shell][info]["shell~init~loadView: loading active partition"]
[9994][1626782247725][shell][info]["shell~init~loadView: loading active partition","c20924ca-512b-460f-8491-dbe341b7c806"]
[9994][1626782247726][shell][info]["init~setViewAttributes - Initializing view with opts:",{"id":3,"type":"requester","startTime":1626782246970,"devtools":false,"primaryId":3,"allIds":[3],"partitionId":"c20924ca-512b-460f-8491-dbe341b7c806"}]
[9994][1626782247727][shell][info]["Shell~init~setViewAttributes: passing scratchpad partition id as ","6932c39f-94ed-4bb3-a96e-28276e6d6d0e"]
[9994][1626782247727][shell][info]["Shell~init~setViewAttributes: do we have any logged in users? ",true]
[9994][1626782247728][shell][info]["init~setViewAttributes - Success"]
[9994][1626782250421][shell][info]["Shell~init~sendUsersDataToRenderer",["15795758"]]
[9994][1626782250539][shell][info]["Shell~init~sendUsersDataToRenderer",["15795758"]]
[9994][1626782251864][shell][info]["model-events~user - bootstrapUser received"]
[9994][1626782251865][shell][info]["userPartitionService~associateTransitPartition: ",{"partitionId":"c20924ca-512b-460f-8491-dbe341b7c806","context":{"namespace":"users","userId":"15795758","teamId":"0"}}]
[9994][1626782251867][shell][info]["userPartitionService: State of v8 partition system:"]
[9994][1626782251867][shell][info]["userPartitionService: List of partitions:",[{"partitionId":"c20924ca-512b-460f-8491-dbe341b7c806","namespace":"users","userId":"15795758","teamId":"0","lastUpdated":"2021-07-20T11:57:31.865Z"},{"partitionId":"6932c39f-94ed-4bb3-a96e-28276e6d6d0e","namespace":"scratchPad","userId":0,"teamId":0,"isDirty":false}]]
[9994][1626782251867][shell][info]["userPartitionService: users global meta:",{"activePartition":"c20924ca-512b-460f-8491-dbe341b7c806"}]
[13028][1626784210391][shell][info]["EventBus~initialize - Success"]
[13028][1626784210399][shell][info]["bootShellCrashReporter~ Success"]
[13028][1626784210409][shell][info]["shellController~init: Success"]
[13028][1626784210410][shell][info]["shellMeta~init: Success"]
[13028][1626784210410][shell][info]["partitionMigrationService: State of V7 partition:"]
[13028][1626784210410][shell][info]["partitionMigrationService: V7 partitions",[]]
[13028][1626784210411][shell][info]["partitionMigrationService: V7 lastActiveUser",null]
[13028][1626784210411][shell][info]["partitionMigrationService: V7 activePartition",null]
[13028][1626784210411][shell][info]["partitionMigrationService: V7 isPartitionDirty",null]
[13028][1626784210412][shell][info]["partitionMigrationService~init: Success"]
[13028][1626784210412][shell][info]["partitionMigrationService~runV8PartitionsIntegrity: Two way migration~ removing the following partitions from v8",[]]
[13028][1626784210413][shell][info]["userPartitionService~getRecentV8UserPartition: recent v8 user context partition ","c20924ca-512b-460f-8491-dbe341b7c806"]
[13028][1626784210413][shell][info]["userPartitionService~_rectifyTheActivePartitionOfApplication: Setting the active partition to ","c20924ca-512b-460f-8491-dbe341b7c806"]
[13028][1626784210414][shell][info]["userPartitionService~init: Success"]
[13028][1626784210415][shell][info]["userPartitionService: State of v8 partition system:"]
[13028][1626784210415][shell][info]["userPartitionService: List of partitions:",[{"partitionId":"c20924ca-512b-460f-8491-dbe341b7c806","namespace":"users","userId":"15795758","teamId":"0","lastUpdated":"2021-07-20T11:57:31.865Z"},{"partitionId":"6932c39f-94ed-4bb3-a96e-28276e6d6d0e","namespace":"scratchPad","userId":0,"teamId":0,"isDirty":false}]]
[13028][1626784210416][shell][info]["userPartitionService: users global meta:",{"activePartition":"c20924ca-512b-460f-8491-dbe341b7c806"}]
[13028][1626784210419][shell][info]["shell~init~loadView: loading active partition"]
[13028][1626784210419][shell][info]["shell~init~loadView: loading active partition","c20924ca-512b-460f-8491-dbe341b7c806"]
[13028][1626784210420][shell][info]["init~setViewAttributes - Initializing view with opts:",{"id":2,"type":"shared","startTime":1626784209917,"devtools":false,"partitionId":"c20924ca-512b-460f-8491-dbe341b7c806"}]
[13028][1626784210420][shell][info]["Shell~init~setViewAttributes: passing scratchpad partition id as ","6932c39f-94ed-4bb3-a96e-28276e6d6d0e"]
[13028][1626784210420][shell][info]["Shell~init~setViewAttributes: do we have any logged in users? ",true]
[13028][1626784210421][shell][info]["init~setViewAttributes - Success"]
[13028][1626784212614][shell][info]["Shell~init~sendUsersDataToRenderer",["15795758"]]
[13028][1626784213400][shell][info]["EventBus~initialize - Success"]
[13028][1626784213407][shell][info]["bootShellCrashReporter~ Success"]
[13028][1626784213420][shell][info]["userPartitionService: State of v8 partition system:"]
[13028][1626784213421][shell][info]["userPartitionService: List of partitions:",[{"partitionId":"c20924ca-512b-460f-8491-dbe341b7c806","namespace":"users","userId":"15795758","teamId":"0","lastUpdated":"2021-07-20T11:57:31.865Z"},{"partitionId":"6932c39f-94ed-4bb3-a96e-28276e6d6d0e","namespace":"scratchPad","userId":0,"teamId":0,"isDirty":false}]]
[13028][1626784213421][shell][info]["userPartitionService: users global meta:",{"activePartition":"c20924ca-512b-460f-8491-dbe341b7c806"}]
[13028][1626784213422][shell][info]["shell~init~loadView: loading active partition"]
[13028][1626784213422][shell][info]["shell~init~loadView: loading active partition","c20924ca-512b-460f-8491-dbe341b7c806"]
[13028][1626784213423][shell][info]["init~setViewAttributes - Initializing view with opts:",{"id":3,"type":"requester","startTime":1626784212663,"devtools":false,"primaryId":3,"allIds":[3],"partitionId":"c20924ca-512b-460f-8491-dbe341b7c806"}]
[13028][1626784213424][shell][info]["Shell~init~setViewAttributes: passing scratchpad partition id as ","6932c39f-94ed-4bb3-a96e-28276e6d6d0e"]
[13028][1626784213424][shell][info]["Shell~init~setViewAttributes: do we have any logged in users? ",true]
[13028][1626784213425][shell][info]["init~setViewAttributes - Success"]
[13028][1626784215856][shell][info]["Shell~init~sendUsersDataToRenderer",["15795758"]]
[13028][1626784215897][shell][info]["Shell~init~sendUsersDataToRenderer",["15795758"]]
[13028][1626784217509][shell][info]["model-events~user - bootstrapUser received"]
[13028][1626784217510][shell][info]["userPartitionService~associateTransitPartition: ",{"partitionId":"c20924ca-512b-460f-8491-dbe341b7c806","context":{"namespace":"users","userId":"15795758","teamId":"0"}}]
[13028][1626784217511][shell][info]["userPartitionService: State of v8 partition system:"]
[13028][1626784217511][shell][info]["userPartitionService: List of partitions:",[{"partitionId":"c20924ca-512b-460f-8491-dbe341b7c806","namespace":"users","userId":"15795758","teamId":"0","lastUpdated":"2021-07-20T12:30:17.510Z"},{"partitionId":"6932c39f-94ed-4bb3-a96e-28276e6d6d0e","namespace":"scratchPad","userId":0,"teamId":0,"isDirty":false}]]
[13028][1626784217511][shell][info]["userPartitionService: users global meta:",{"activePartition":"c20924ca-512b-460f-8491-dbe341b7c806"}]
[13523][1626784433398][shell][info]["EventBus~initialize - Success"]
[13523][1626784433405][shell][info]["bootShellCrashReporter~ Success"]
[13523][1626784433416][shell][info]["shellController~init: Success"]
[13523][1626784433417][shell][info]["shellMeta~init: Success"]
[13523][1626784433417][shell][info]["partitionMigrationService: State of V7 partition:"]
[13523][1626784433417][shell][info]["partitionMigrationService: V7 partitions",[]]
[13523][1626784433417][shell][info]["partitionMigrationService: V7 lastActiveUser",null]
[13523][1626784433418][shell][info]["partitionMigrationService: V7 activePartition",null]
[13523][1626784433418][shell][info]["partitionMigrationService: V7 isPartitionDirty",null]
[13523][1626784433418][shell][info]["partitionMigrationService~init: Success"]
[13523][1626784433419][shell][info]["partitionMigrationService~runV8PartitionsIntegrity: Two way migration~ removing the following partitions from v8",[]]
[13523][1626784433420][shell][info]["userPartitionService~getRecentV8UserPartition: recent v8 user context partition ","c20924ca-512b-460f-8491-dbe341b7c806"]
[13523][1626784433420][shell][info]["userPartitionService~_rectifyTheActivePartitionOfApplication: Setting the active partition to ","c20924ca-512b-460f-8491-dbe341b7c806"]
[13523][1626784433421][shell][info]["userPartitionService~init: Success"]
[13523][1626784433421][shell][info]["userPartitionService: State of v8 partition system:"]
[13523][1626784433422][shell][info]["userPartitionService: List of partitions:",[{"partitionId":"c20924ca-512b-460f-8491-dbe341b7c806","namespace":"users","userId":"15795758","teamId":"0","lastUpdated":"2021-07-20T12:30:17.510Z"},{"partitionId":"6932c39f-94ed-4bb3-a96e-28276e6d6d0e","namespace":"scratchPad","userId":0,"teamId":0,"isDirty":false}]]
[13523][1626784433423][shell][info]["userPartitionService: users global meta:",{"activePartition":"c20924ca-512b-460f-8491-dbe341b7c806"}]
[13523][1626784433423][shell][info]["shell~init~loadView: loading active partition"]
[13523][1626784433423][shell][info]["shell~init~loadView: loading active partition","c20924ca-512b-460f-8491-dbe341b7c806"]
[13523][1626784433425][shell][info]["init~setViewAttributes - Initializing view with opts:",{"id":2,"type":"shared","startTime":1626784433043,"devtools":false,"partitionId":"c20924ca-512b-460f-8491-dbe341b7c806"}]
[13523][1626784433425][shell][info]["Shell~init~setViewAttributes: passing scratchpad partition id as ","6932c39f-94ed-4bb3-a96e-28276e6d6d0e"]
[13523][1626784433425][shell][info]["Shell~init~setViewAttributes: do we have any logged in users? ",true]
[13523][1626784433426][shell][info]["init~setViewAttributes - Success"]
[13523][1626784435834][shell][info]["Shell~init~sendUsersDataToRenderer",["15795758"]]
[13523][1626784436217][shell][info]["EventBus~initialize - Success"]
[13523][1626784436224][shell][info]["bootShellCrashReporter~ Success"]
[13523][1626784436235][shell][info]["userPartitionService: State of v8 partition system:"]
[13523][1626784436236][shell][info]["userPartitionService: List of partitions:",[{"partitionId":"c20924ca-512b-460f-8491-dbe341b7c806","namespace":"users","userId":"15795758","teamId":"0","lastUpdated":"2021-07-20T12:30:17.510Z"},{"partitionId":"6932c39f-94ed-4bb3-a96e-28276e6d6d0e","namespace":"scratchPad","userId":0,"teamId":0,"isDirty":false}]]
[13523][1626784436237][shell][info]["userPartitionService: users global meta:",{"activePartition":"c20924ca-512b-460f-8491-dbe341b7c806"}]
[13523][1626784436237][shell][info]["shell~init~loadView: loading active partition"]
[13523][1626784436237][shell][info]["shell~init~loadView: loading active partition","c20924ca-512b-460f-8491-dbe341b7c806"]
[13523][1626784436238][shell][info]["init~setViewAttributes - Initializing view with opts:",{"id":3,"type":"requester","startTime":1626784435882,"devtools":false,"primaryId":3,"allIds":[3],"partitionId":"c20924ca-512b-460f-8491-dbe341b7c806"}]
[13523][1626784436239][shell][info]["Shell~init~setViewAttributes: passing scratchpad partition id as ","6932c39f-94ed-4bb3-a96e-28276e6d6d0e"]
[13523][1626784436240][shell][info]["Shell~init~setViewAttributes: do we have any logged in users? ",true]
[13523][1626784436240][shell][info]["init~setViewAttributes - Success"]
[13523][1626784438558][shell][info]["Shell~init~sendUsersDataToRenderer",["15795758"]]
[13523][1626784438600][shell][info]["Shell~init~sendUsersDataToRenderer",["15795758"]]
[13738][1626784443879][shell][info]["EventBus~initialize - Success"]
[13738][1626784443891][shell][info]["bootShellCrashReporter~ Success"]
[13738][1626784443908][shell][info]["shellController~init: Success"]
[13738][1626784443908][shell][info]["shellMeta~init: Success"]
[13738][1626784443909][shell][info]["partitionMigrationService: State of V7 partition:"]
[13738][1626784443909][shell][info]["partitionMigrationService: V7 partitions",[]]
[13738][1626784443909][shell][info]["partitionMigrationService: V7 lastActiveUser",null]
[13738][1626784443910][shell][info]["partitionMigrationService: V7 activePartition",null]
[13738][1626784443910][shell][info]["partitionMigrationService: V7 isPartitionDirty",null]
[13738][1626784443911][shell][info]["partitionMigrationService~init: Success"]
[13738][1626784443911][shell][info]["partitionMigrationService~runV8PartitionsIntegrity: Two way migration~ removing the following partitions from v8",[]]
[13738][1626784443912][shell][info]["userPartitionService~getRecentV8UserPartition: recent v8 user context partition ","c20924ca-512b-460f-8491-dbe341b7c806"]
[13738][1626784443912][shell][info]["userPartitionService~_rectifyTheActivePartitionOfApplication: Setting the active partition to ","c20924ca-512b-460f-8491-dbe341b7c806"]
[13738][1626784443913][shell][info]["userPartitionService~init: Success"]
[13738][1626784443914][shell][info]["userPartitionService: State of v8 partition system:"]
[13738][1626784443914][shell][info]["userPartitionService: List of partitions:",[{"partitionId":"c20924ca-512b-460f-8491-dbe341b7c806","namespace":"users","userId":"15795758","teamId":"0","lastUpdated":"2021-07-20T12:30:17.510Z"},{"partitionId":"6932c39f-94ed-4bb3-a96e-28276e6d6d0e","namespace":"scratchPad","userId":0,"teamId":0,"isDirty":false}]]
[13738][1626784443921][shell][info]["userPartitionService: users global meta:",{"activePartition":"c20924ca-512b-460f-8491-dbe341b7c806"}]
[13738][1626784443924][shell][info]["shell~init~loadView: loading active partition"]
[13738][1626784443924][shell][info]["shell~init~loadView: loading active partition","c20924ca-512b-460f-8491-dbe341b7c806"]
[13738][1626784443925][shell][info]["init~setViewAttributes - Initializing view with opts:",{"id":2,"type":"shared","startTime":1626784443304,"devtools":false,"partitionId":"c20924ca-512b-460f-8491-dbe341b7c806"}]
[13738][1626784443925][shell][info]["Shell~init~setViewAttributes: passing scratchpad partition id as ","6932c39f-94ed-4bb3-a96e-28276e6d6d0e"]
[13738][1626784443926][shell][info]["Shell~init~setViewAttributes: do we have any logged in users? ",true]
[13738][1626784443926][shell][info]["init~setViewAttributes - Success"]
[13738][1626784446414][shell][info]["Shell~init~sendUsersDataToRenderer",["15795758"]]
[13738][1626784446939][shell][info]["EventBus~initialize - Success"]
[13738][1626784446946][shell][info]["bootShellCrashReporter~ Success"]
[13738][1626784446956][shell][info]["userPartitionService: State of v8 partition system:"]
[13738][1626784446957][shell][info]["userPartitionService: List of partitions:",[{"partitionId":"c20924ca-512b-460f-8491-dbe341b7c806","namespace":"users","userId":"15795758","teamId":"0","lastUpdated":"2021-07-20T12:30:17.510Z"},{"partitionId":"6932c39f-94ed-4bb3-a96e-28276e6d6d0e","namespace":"scratchPad","userId":0,"teamId":0,"isDirty":false}]]
[13738][1626784446958][shell][info]["userPartitionService: users global meta:",{"activePartition":"c20924ca-512b-460f-8491-dbe341b7c806"}]
[13738][1626784446958][shell][info]["shell~init~loadView: loading active partition"]
[13738][1626784446959][shell][info]["shell~init~loadView: loading active partition","c20924ca-512b-460f-8491-dbe341b7c806"]
[13738][1626784446960][shell][info]["init~setViewAttributes - Initializing view with opts:",{"id":3,"type":"requester","startTime":1626784446502,"devtools":false,"primaryId":3,"allIds":[3],"partitionId":"c20924ca-512b-460f-8491-dbe341b7c806"}]
[13738][1626784446961][shell][info]["Shell~init~setViewAttributes: passing scratchpad partition id as ","6932c39f-94ed-4bb3-a96e-28276e6d6d0e"]
[13738][1626784446961][shell][info]["Shell~init~setViewAttributes: do we have any logged in users? ",true]
[13738][1626784446962][shell][info]["init~setViewAttributes - Success"]
[13738][1626784449335][shell][info]["Shell~init~sendUsersDataToRenderer",["15795758"]]
[13738][1626784449379][shell][info]["Shell~init~sendUsersDataToRenderer",["15795758"]]
[13738][1626784451237][shell][info]["model-events~user - bootstrapUser received"]
[13738][1626784451239][shell][info]["userPartitionService~associateTransitPartition: ",{"partitionId":"c20924ca-512b-460f-8491-dbe341b7c806","context":{"namespace":"users","userId":"15795758","teamId":"0"}}]
[13738][1626784451239][shell][info]["userPartitionService: State of v8 partition system:"]
[13738][1626784451239][shell][info]["userPartitionService: List of partitions:",[{"partitionId":"c20924ca-512b-460f-8491-dbe341b7c806","namespace":"users","userId":"15795758","teamId":"0","lastUpdated":"2021-07-20T12:34:11.239Z"},{"partitionId":"6932c39f-94ed-4bb3-a96e-28276e6d6d0e","namespace":"scratchPad","userId":0,"teamId":0,"isDirty":false}]]
[13738][1626784451240][shell][info]["userPartitionService: users global meta:",{"activePartition":"c20924ca-512b-460f-8491-dbe341b7c806"}]
[14472][1626784578423][shell][info]["EventBus~initialize - Success"]
[14472][1626784578430][shell][info]["bootShellCrashReporter~ Success"]
[14472][1626784578442][shell][info]["shellController~init: Success"]
[14472][1626784578443][shell][info]["shellMeta~init: Success"]
[14472][1626784578444][shell][info]["partitionMigrationService: State of V7 partition:"]
[14472][1626784578444][shell][info]["partitionMigrationService: V7 partitions",[]]
[14472][1626784578444][shell][info]["partitionMigrationService: V7 lastActiveUser",null]
[14472][1626784578444][shell][info]["partitionMigrationService: V7 activePartition",null]
[14472][1626784578445][shell][info]["partitionMigrationService: V7 isPartitionDirty",null]
[14472][1626784578450][shell][info]["partitionMigrationService~init: Success"]
[14472][1626784578450][shell][info]["partitionMigrationService~runV8PartitionsIntegrity: Two way migration~ removing the following partitions from v8",[]]
[14472][1626784578451][shell][info]["userPartitionService~getRecentV8UserPartition: recent v8 user context partition ","c20924ca-512b-460f-8491-dbe341b7c806"]
[14472][1626784578451][shell][info]["userPartitionService~_rectifyTheActivePartitionOfApplication: Setting the active partition to ","c20924ca-512b-460f-8491-dbe341b7c806"]
[14472][1626784578452][shell][info]["userPartitionService~init: Success"]
[14472][1626784578453][shell][info]["userPartitionService: State of v8 partition system:"]
[14472][1626784578453][shell][info]["userPartitionService: List of partitions:",[{"partitionId":"c20924ca-512b-460f-8491-dbe341b7c806","namespace":"users","userId":"15795758","teamId":"0","lastUpdated":"2021-07-20T12:34:11.239Z"},{"partitionId":"6932c39f-94ed-4bb3-a96e-28276e6d6d0e","namespace":"scratchPad","userId":0,"teamId":0,"isDirty":false}]]
[14472][1626784578454][shell][info]["userPartitionService: users global meta:",{"activePartition":"c20924ca-512b-460f-8491-dbe341b7c806"}]
[14472][1626784578455][shell][info]["shell~init~loadView: loading active partition"]
[14472][1626784578455][shell][info]["shell~init~loadView: loading active partition","c20924ca-512b-460f-8491-dbe341b7c806"]
[14472][1626784578456][shell][info]["init~setViewAttributes - Initializing view with opts:",{"id":2,"type":"shared","startTime":1626784577914,"devtools":false,"partitionId":"c20924ca-512b-460f-8491-dbe341b7c806"}]
[14472][1626784578457][shell][info]["Shell~init~setViewAttributes: passing scratchpad partition id as ","6932c39f-94ed-4bb3-a96e-28276e6d6d0e"]
[14472][1626784578457][shell][info]["Shell~init~setViewAttributes: do we have any logged in users? ",true]
[14472][1626784578458][shell][info]["init~setViewAttributes - Success"]
[14472][1626784580918][shell][info]["Shell~init~sendUsersDataToRenderer",["15795758"]]
[14472][1626784581659][shell][info]["EventBus~initialize - Success"]
[14472][1626784581666][shell][info]["bootShellCrashReporter~ Success"]
[14472][1626784581681][shell][info]["userPartitionService: State of v8 partition system:"]
[14472][1626784581682][shell][info]["userPartitionService: List of partitions:",[{"partitionId":"c20924ca-512b-460f-8491-dbe341b7c806","namespace":"users","userId":"15795758","teamId":"0","lastUpdated":"2021-07-20T12:34:11.239Z"},{"partitionId":"6932c39f-94ed-4bb3-a96e-28276e6d6d0e","namespace":"scratchPad","userId":0,"teamId":0,"isDirty":false}]]
[14472][1626784581683][shell][info]["userPartitionService: users global meta:",{"activePartition":"c20924ca-512b-460f-8491-dbe341b7c806"}]
[14472][1626784581683][shell][info]["shell~init~loadView: loading active partition"]
[14472][1626784581683][shell][info]["shell~init~loadView: loading active partition","c20924ca-512b-460f-8491-dbe341b7c806"]
[14472][1626784581684][shell][info]["init~setViewAttributes - Initializing view with opts:",{"id":3,"type":"requester","startTime":1626784580979,"devtools":false,"primaryId":3,"allIds":[3],"partitionId":"c20924ca-512b-460f-8491-dbe341b7c806"}]
[14472][1626784581686][shell][info]["Shell~init~setViewAttributes: passing scratchpad partition id as ","6932c39f-94ed-4bb3-a96e-28276e6d6d0e"]
[14472][1626784581686][shell][info]["Shell~init~setViewAttributes: do we have any logged in users? ",true]
[14472][1626784581687][shell][info]["init~setViewAttributes - Success"]
[14472][1626784584191][shell][info]["Shell~init~sendUsersDataToRenderer",["15795758"]]
[14472][1626784584229][shell][info]["Shell~init~sendUsersDataToRenderer",["15795758"]]
[14472][1626784587105][shell][info]["model-events~user - bootstrapUser received"]
[14472][1626784587108][shell][info]["userPartitionService~associateTransitPartition: ",{"partitionId":"c20924ca-512b-460f-8491-dbe341b7c806","context":{"namespace":"users","userId":"15795758","teamId":"0"}}]
[14472][1626784587110][shell][info]["userPartitionService: State of v8 partition system:"]
[14472][1626784587111][shell][info]["userPartitionService: List of partitions:",[{"partitionId":"c20924ca-512b-460f-8491-dbe341b7c806","namespace":"users","userId":"15795758","teamId":"0","lastUpdated":"2021-07-20T12:36:27.108Z"},{"partitionId":"6932c39f-94ed-4bb3-a96e-28276e6d6d0e","namespace":"scratchPad","userId":0,"teamId":0,"isDirty":false}]]
[14472][1626784587111][shell][info]["userPartitionService: users global meta:",{"activePartition":"c20924ca-512b-460f-8491-dbe341b7c806"}]
[1963][1627020075649][shell][info]["EventBus~initialize - Success"]
[1963][1627020075862][shell][info]["bootShellCrashReporter~ Success"]
[1963][1627020076013][shell][info]["shellController~init: Success"]
[1963][1627020076014][shell][info]["shellMeta~init: Success"]
[1963][1627020076019][shell][info]["partitionMigrationService: State of V7 partition:"]
[1963][1627020076020][shell][info]["partitionMigrationService: V7 partitions",[]]
[1963][1627020076021][shell][info]["partitionMigrationService: V7 lastActiveUser",null]
[1963][1627020076021][shell][info]["partitionMigrationService: V7 activePartition",null]
[1963][1627020076022][shell][info]["partitionMigrationService: V7 isPartitionDirty",null]
[1963][1627020076023][shell][info]["partitionMigrationService~init: Success"]
[1963][1627020076024][shell][info]["partitionMigrationService~runV8PartitionsIntegrity: Two way migration~ removing the following partitions from v8",[]]
[1963][1627020076025][shell][info]["userPartitionService~getRecentV8UserPartition: recent v8 user context partition ","c20924ca-512b-460f-8491-dbe341b7c806"]
[1963][1627020076025][shell][info]["userPartitionService~_rectifyTheActivePartitionOfApplication: Setting the active partition to ","c20924ca-512b-460f-8491-dbe341b7c806"]
[1963][1627020076026][shell][info]["userPartitionService~init: Success"]
[1963][1627020076028][shell][info]["userPartitionService: State of v8 partition system:"]
[1963][1627020076028][shell][info]["userPartitionService: List of partitions:",[{"partitionId":"c20924ca-512b-460f-8491-dbe341b7c806","namespace":"users","userId":"15795758","teamId":"0","lastUpdated":"2021-07-20T12:36:27.108Z"},{"partitionId":"6932c39f-94ed-4bb3-a96e-28276e6d6d0e","namespace":"scratchPad","userId":0,"teamId":0,"isDirty":false}]]
[1963][1627020076029][shell][info]["userPartitionService: users global meta:",{"activePartition":"c20924ca-512b-460f-8491-dbe341b7c806"}]
[1963][1627020076031][shell][info]["shell~init~loadView: loading active partition"]
[1963][1627020076031][shell][info]["shell~init~loadView: loading active partition","c20924ca-512b-460f-8491-dbe341b7c806"]
[1963][1627020076032][shell][info]["init~setViewAttributes - Initializing view with opts:",{"id":2,"type":"shared","startTime":1627020073782,"devtools":false,"partitionId":"c20924ca-512b-460f-8491-dbe341b7c806"}]
[1963][1627020076033][shell][info]["Shell~init~setViewAttributes: passing scratchpad partition id as ","6932c39f-94ed-4bb3-a96e-28276e6d6d0e"]
[1963][1627020076034][shell][info]["Shell~init~setViewAttributes: do we have any logged in users? ",true]
[1963][1627020076034][shell][info]["init~setViewAttributes - Success"]
[1963][1627020079576][shell][info]["Shell~init~sendUsersDataToRenderer",["15795758"]]
[1963][1627020080187][shell][info]["EventBus~initialize - Success"]
[1963][1627020080194][shell][info]["bootShellCrashReporter~ Success"]
[1963][1627020080226][shell][info]["userPartitionService: State of v8 partition system:"]
[1963][1627020080226][shell][info]["userPartitionService: List of partitions:",[{"partitionId":"c20924ca-512b-460f-8491-dbe341b7c806","namespace":"users","userId":"15795758","teamId":"0","lastUpdated":"2021-07-20T12:36:27.108Z"},{"partitionId":"6932c39f-94ed-4bb3-a96e-28276e6d6d0e","namespace":"scratchPad","userId":0,"teamId":0,"isDirty":false}]]
[1963][1627020080227][shell][info]["userPartitionService: users global meta:",{"activePartition":"c20924ca-512b-460f-8491-dbe341b7c806"}]
[1963][1627020080228][shell][info]["shell~init~loadView: loading active partition"]
[1963][1627020080228][shell][info]["shell~init~loadView: loading active partition","c20924ca-512b-460f-8491-dbe341b7c806"]
[1963][1627020080229][shell][info]["init~setViewAttributes - Initializing view with opts:",{"id":3,"type":"requester","startTime":1627020079607,"devtools":false,"primaryId":3,"allIds":[3],"partitionId":"c20924ca-512b-460f-8491-dbe341b7c806"}]
[1963][1627020080230][shell][info]["Shell~init~setViewAttributes: passing scratchpad partition id as ","6932c39f-94ed-4bb3-a96e-28276e6d6d0e"]
[1963][1627020080232][shell][info]["Shell~init~setViewAttributes: do we have any logged in users? ",true]
[1963][1627020080233][shell][info]["init~setViewAttributes - Success"]
[1963][1627020083317][shell][info]["Shell~init~sendUsersDataToRenderer",["15795758"]]
[1963][1627020083436][shell][info]["Shell~init~sendUsersDataToRenderer",["15795758"]]
[1963][1627020085523][shell][info]["model-events~user - bootstrapUser received"]
[1963][1627020085524][shell][info]["userPartitionService~associateTransitPartition: ",{"partitionId":"c20924ca-512b-460f-8491-dbe341b7c806","context":{"namespace":"users","userId":"15795758","teamId":"0"}}]
[1963][1627020085524][shell][info]["userPartitionService: State of v8 partition system:"]
[1963][1627020085531][shell][info]["userPartitionService: List of partitions:",[{"partitionId":"c20924ca-512b-460f-8491-dbe341b7c806","namespace":"users","userId":"15795758","teamId":"0","lastUpdated":"2021-07-23T06:01:25.524Z"},{"partitionId":"6932c39f-94ed-4bb3-a96e-28276e6d6d0e","namespace":"scratchPad","userId":0,"teamId":0,"isDirty":false}]]
[1963][1627020085532][shell][info]["userPartitionService: users global meta:",{"activePartition":"c20924ca-512b-460f-8491-dbe341b7c806"}]
[28694][1627324633409][shell][info]["EventBus~initialize - Success"]
[28694][1627324633588][shell][info]["bootShellCrashReporter~ Success"]
[28694][1627324633678][shell][info]["shellController~init: Success"]
[28694][1627324633679][shell][info]["shellMeta~init: Success"]
[28694][1627324633679][shell][info]["partitionMigrationService: State of V7 partition:"]
[28694][1627324633679][shell][info]["partitionMigrationService: V7 partitions",[]]
[28694][1627324633680][shell][info]["partitionMigrationService: V7 lastActiveUser",null]
[28694][1627324633680][shell][info]["partitionMigrationService: V7 activePartition",null]
[28694][1627324633680][shell][info]["partitionMigrationService: V7 isPartitionDirty",null]
[28694][1627324633681][shell][info]["partitionMigrationService~init: Success"]
[28694][1627324633681][shell][info]["partitionMigrationService~runV8PartitionsIntegrity: Two way migration~ removing the following partitions from v8",[]]
[28694][1627324633682][shell][info]["userPartitionService~getRecentV8UserPartition: recent v8 user context partition ","c20924ca-512b-460f-8491-dbe341b7c806"]
[28694][1627324633682][shell][info]["userPartitionService~_rectifyTheActivePartitionOfApplication: Setting the active partition to ","c20924ca-512b-460f-8491-dbe341b7c806"]
[28694][1627324633683][shell][info]["userPartitionService~init: Success"]
[28694][1627324633684][shell][info]["userPartitionService: State of v8 partition system:"]
[28694][1627324633684][shell][info]["userPartitionService: List of partitions:",[{"partitionId":"c20924ca-512b-460f-8491-dbe341b7c806","namespace":"users","userId":"15795758","teamId":"0","lastUpdated":"2021-07-23T06:01:25.524Z"},{"partitionId":"6932c39f-94ed-4bb3-a96e-28276e6d6d0e","namespace":"scratchPad","userId":0,"teamId":0,"isDirty":false}]]
[28694][1627324633685][shell][info]["userPartitionService: users global meta:",{"activePartition":"c20924ca-512b-460f-8491-dbe341b7c806"}]
[28694][1627324633685][shell][info]["shell~init~loadView: loading active partition"]
[28694][1627324633686][shell][info]["shell~init~loadView: loading active partition","c20924ca-512b-460f-8491-dbe341b7c806"]
[28694][1627324633687][shell][info]["init~setViewAttributes - Initializing view with opts:",{"id":2,"type":"shared","startTime":1627324631018,"devtools":false,"partitionId":"c20924ca-512b-460f-8491-dbe341b7c806"}]
[28694][1627324633687][shell][info]["Shell~init~setViewAttributes: passing scratchpad partition id as ","6932c39f-94ed-4bb3-a96e-28276e6d6d0e"]
[28694][1627324633688][shell][info]["Shell~init~setViewAttributes: do we have any logged in users? ",true]
[28694][1627324633688][shell][info]["init~setViewAttributes - Success"]
[28694][1627324637742][shell][info]["Shell~init~sendUsersDataToRenderer",["15795758"]]
[28694][1627324638266][shell][info]["EventBus~initialize - Success"]
[28694][1627324638279][shell][info]["bootShellCrashReporter~ Success"]
[28694][1627324638292][shell][info]["userPartitionService: State of v8 partition system:"]
[28694][1627324638293][shell][info]["userPartitionService: List of partitions:",[{"partitionId":"c20924ca-512b-460f-8491-dbe341b7c806","namespace":"users","userId":"15795758","teamId":"0","lastUpdated":"2021-07-23T06:01:25.524Z"},{"partitionId":"6932c39f-94ed-4bb3-a96e-28276e6d6d0e","namespace":"scratchPad","userId":0,"teamId":0,"isDirty":false}]]
[28694][1627324638294][shell][info]["userPartitionService: users global meta:",{"activePartition":"c20924ca-512b-460f-8491-dbe341b7c806"}]
[28694][1627324638294][shell][info]["shell~init~loadView: loading active partition"]
[28694][1627324638294][shell][info]["shell~init~loadView: loading active partition","c20924ca-512b-460f-8491-dbe341b7c806"]
[28694][1627324638295][shell][info]["init~setViewAttributes - Initializing view with opts:",{"id":3,"type":"requester","startTime":1627324637848,"devtools":false,"primaryId":3,"allIds":[3],"partitionId":"c20924ca-512b-460f-8491-dbe341b7c806"}]
[28694][1627324638296][shell][info]["Shell~init~setViewAttributes: passing scratchpad partition id as ","6932c39f-94ed-4bb3-a96e-28276e6d6d0e"]
[28694][1627324638297][shell][info]["Shell~init~setViewAttributes: do we have any logged in users? ",true]
[28694][1627324638297][shell][info]["init~setViewAttributes - Success"]
[28694][1627324641431][shell][info]["Shell~init~sendUsersDataToRenderer",["15795758"]]
[28694][1627324641551][shell][info]["Shell~init~sendUsersDataToRenderer",["15795758"]]
[28694][1627324643001][shell][info]["model-events~user - bootstrapUser received"]
[28694][1627324643003][shell][info]["userPartitionService~associateTransitPartition: ",{"partitionId":"c20924ca-512b-460f-8491-dbe341b7c806","context":{"namespace":"users","userId":"15795758","teamId":"0"}}]
[28694][1627324643004][shell][info]["userPartitionService: State of v8 partition system:"]
[28694][1627324643005][shell][info]["userPartitionService: List of partitions:",[{"partitionId":"c20924ca-512b-460f-8491-dbe341b7c806","namespace":"users","userId":"15795758","teamId":"0","lastUpdated":"2021-07-26T18:37:23.003Z"},{"partitionId":"6932c39f-94ed-4bb3-a96e-28276e6d6d0e","namespace":"scratchPad","userId":0,"teamId":0,"isDirty":false}]]
[28694][1627324643006][shell][info]["userPartitionService: users global meta:",{"activePartition":"c20924ca-512b-460f-8491-dbe341b7c806"}]
[5364][1627470226656][shell][info]["EventBus~initialize - Success"]
[5364][1627470226912][shell][info]["bootShellCrashReporter~ Success"]
[5364][1627470226998][shell][info]["shellController~init: Success"]
[5364][1627470226999][shell][info]["shellMeta~init: Success"]
[5364][1627470226999][shell][info]["partitionMigrationService: State of V7 partition:"]
[5364][1627470226999][shell][info]["partitionMigrationService: V7 partitions",[]]
[5364][1627470226999][shell][info]["partitionMigrationService: V7 lastActiveUser",null]
[5364][1627470226999][shell][info]["partitionMigrationService: V7 activePartition",null]
[5364][1627470227000][shell][info]["partitionMigrationService: V7 isPartitionDirty",null]
[5364][1627470227000][shell][info]["partitionMigrationService~init: Success"]
[5364][1627470227001][shell][info]["partitionMigrationService~runV8PartitionsIntegrity: Two way migration~ removing the following partitions from v8",[]]
[5364][1627470227002][shell][info]["userPartitionService~getRecentV8UserPartition: recent v8 user context partition ","c20924ca-512b-460f-8491-dbe341b7c806"]
[5364][1627470227002][shell][info]["userPartitionService~_rectifyTheActivePartitionOfApplication: Setting the active partition to ","c20924ca-512b-460f-8491-dbe341b7c806"]
[5364][1627470227002][shell][info]["userPartitionService~init: Success"]
[5364][1627470227003][shell][info]["userPartitionService: State of v8 partition system:"]
[5364][1627470227004][shell][info]["userPartitionService: List of partitions:",[{"partitionId":"c20924ca-512b-460f-8491-dbe341b7c806","namespace":"users","userId":"15795758","teamId":"0","lastUpdated":"2021-07-26T18:37:23.003Z"},{"partitionId":"6932c39f-94ed-4bb3-a96e-28276e6d6d0e","namespace":"scratchPad","userId":0,"teamId":0,"isDirty":false}]]
[5364][1627470227004][shell][info]["userPartitionService: users global meta:",{"activePartition":"c20924ca-512b-460f-8491-dbe341b7c806"}]
[5364][1627470227005][shell][info]["shell~init~loadView: loading active partition"]
[5364][1627470227005][shell][info]["shell~init~loadView: loading active partition","c20924ca-512b-460f-8491-dbe341b7c806"]
[5364][1627470227007][shell][info]["init~setViewAttributes - Initializing view with opts:",{"id":2,"type":"shared","startTime":1627470223603,"devtools":false,"partitionId":"c20924ca-512b-460f-8491-dbe341b7c806"}]
[5364][1627470227008][shell][info]["Shell~init~setViewAttributes: passing scratchpad partition id as ","6932c39f-94ed-4bb3-a96e-28276e6d6d0e"]
[5364][1627470227008][shell][info]["Shell~init~setViewAttributes: do we have any logged in users? ",true]
[5364][1627470227009][shell][info]["init~setViewAttributes - Success"]
[5364][1627470230468][shell][info]["Shell~init~sendUsersDataToRenderer",["15795758"]]
[5364][1627470230843][shell][info]["EventBus~initialize - Success"]
[5364][1627470230849][shell][info]["bootShellCrashReporter~ Success"]
[5364][1627470230877][shell][info]["userPartitionService: State of v8 partition system:"]
[5364][1627470230878][shell][info]["userPartitionService: List of partitions:",[{"partitionId":"c20924ca-512b-460f-8491-dbe341b7c806","namespace":"users","userId":"15795758","teamId":"0","lastUpdated":"2021-07-26T18:37:23.003Z"},{"partitionId":"6932c39f-94ed-4bb3-a96e-28276e6d6d0e","namespace":"scratchPad","userId":0,"teamId":0,"isDirty":false}]]
[5364][1627470230878][shell][info]["userPartitionService: users global meta:",{"activePartition":"c20924ca-512b-460f-8491-dbe341b7c806"}]
[5364][1627470230879][shell][info]["shell~init~loadView: loading active partition"]
[5364][1627470230879][shell][info]["shell~init~loadView: loading active partition","c20924ca-512b-460f-8491-dbe341b7c806"]
[5364][1627470230880][shell][info]["init~setViewAttributes - Initializing view with opts:",{"id":3,"type":"requester","startTime":1627470230499,"devtools":false,"primaryId":3,"allIds":[3],"partitionId":"c20924ca-512b-460f-8491-dbe341b7c806"}]
[5364][1627470230881][shell][info]["Shell~init~setViewAttributes: passing scratchpad partition id as ","6932c39f-94ed-4bb3-a96e-28276e6d6d0e"]
[5364][1627470230881][shell][info]["Shell~init~setViewAttributes: do we have any logged in users? ",true]
[5364][1627470230882][shell][info]["init~setViewAttributes - Success"]
[5364][1627470233718][shell][info]["Shell~init~sendUsersDataToRenderer",["15795758"]]
[5364][1627470233826][shell][info]["Shell~init~sendUsersDataToRenderer",["15795758"]]
[5364][1627470235352][shell][info]["model-events~user - bootstrapUser received"]
[5364][1627470235353][shell][info]["userPartitionService~associateTransitPartition: ",{"partitionId":"c20924ca-512b-460f-8491-dbe341b7c806","context":{"namespace":"users","userId":"15795758","teamId":"0"}}]
[5364][1627470235353][shell][info]["userPartitionService: State of v8 partition system:"]
[5364][1627470235353][shell][info]["userPartitionService: List of partitions:",[{"partitionId":"c20924ca-512b-460f-8491-dbe341b7c806","namespace":"users","userId":"15795758","teamId":"0","lastUpdated":"2021-07-28T11:03:55.353Z"},{"partitionId":"6932c39f-94ed-4bb3-a96e-28276e6d6d0e","namespace":"scratchPad","userId":0,"teamId":0,"isDirty":false}]]
[5364][1627470235353][shell][info]["userPartitionService: users global meta:",{"activePartition":"c20924ca-512b-460f-8491-dbe341b7c806"}]
