Jul 29 12:53 : update: added /SCayos - Ethereal Nights 🌙 [lofi hip hop_relaxing beats]-YuD1LESzoVM.mp3
Jul 29 12:53 : update: added /SCayos - Ethereal Nights 🌙 [lofi hip hop_relaxing beats]-YuD1LESzoVM.webm
Jul 29 12:53 : update: updating /SCayos - Ethereal Nights 🌙 [lofi hip hop_relaxing beats]-YuD1LESzoVM.mp3
Jul 29 12:53 : update: removing SCayos - Ethereal Nights 🌙 [lofi hip hop_relaxing beats]-YuD1LESzoVM.webm
Jul 29 13:23 : player: played "SCayos - Ethereal Nights 🌙 [lofi hip hop_relaxing beats]-YuD1LESzoVM.mp3"
Jul 29 13:59 : player: played "SCayos - Ethereal Nights 🌙 [lofi hip hop_relaxing beats]-YuD1LESzoVM.mp3"
Aug 01 14:13 : player: played "SCayos - Ethereal Nights 🌙 [lofi hip hop_relaxing beats]-YuD1LESzoVM.mp3"
Aug 01 20:33 : update: removing SCayos - Ethereal Nights 🌙 [lofi hip hop_relaxing beats]-YuD1LESzoVM.mp3
Aug 01 20:33 : update: added /etheral nights lofi.mp3
Aug 01 21:20 : player: played "SCayos - Ethereal Nights 🌙 [lofi hip hop_relaxing beats]-YuD1LESzoVM.mp3"
Aug 02 10:51 : player: played "etheral nights lofi.mp3"
Aug 02 10:53 : player: played "etheral nights lofi.mp3"
Aug 05 13:21 : update: added /frad - first date.mp3
Aug 05 13:21 : update: added /The Museum feat. Kuzu Mellow & FoolHive (Prod. by Frad).mp3
Aug 05 13:21 : update: added /frad - I'm Sorry.mp3
Aug 05 13:21 : update: added /frad X Shumori - With You..mp3
Aug 05 13:21 : update: added /while you were away.mp3
Aug 05 13:21 : update: added /D O M I N G O - Plz p_ frad.mp3
Aug 05 13:21 : update: added /standing next to my grave.mp3
Aug 05 13:21 : update: added /unrequited love.mp3
Aug 05 13:21 : update: added /frad - blossoms (w_bloom.).mp3
Aug 05 13:21 : update: added /Sweet Dreams.mp3
Aug 05 13:21 : update: added /can i talk to u.mp3
Aug 05 13:21 : update: added /our memories together.....mp3
Aug 05 13:21 : update: added /Ｌｉｇｈｔｓ　Ｐｌｅａｓｅ.mp3
Aug 05 13:21 : update: added /frad - Home..mp3
Aug 05 13:21 : update: added /frad - 喫茶店.mp3
Aug 05 13:21 : update: added /frad - how are you.mp3
Aug 05 13:21 : update: added /SeaHaven.mp3
Aug 05 13:21 : update: added /Changes (frad remix) [XXXTENTACION Tribute].mp3
Aug 05 13:21 : update: added /esthie - crush w_ frad.mp3
Aug 05 13:21 : update: added /frad - the girl i have a crush on.mp3
Aug 05 13:21 : update: added /Frad - Endless Summer (Original).mp3
Aug 05 13:29 : exception: Failed to flush filter on "Alsa for audio sound card" (alsa): snd_pcm_writei() failed: Broken pipe
Aug 05 13:29 : player: played "frad - the girl i have a crush on.mp3"
Aug 05 13:31 : player: played "frad - Home..mp3"
Aug 05 13:33 : player: played "frad - Home..mp3"
Aug 05 13:35 : exception: No such directory
Aug 05 13:35 : exception: Failed to open '/home/fonsi/.config/mpd/playlists/lofi-hiphop.m3u': No such file or directory
Aug 05 13:35 : exception: No such playlist
Aug 05 13:35 : exception: No such directory
Aug 05 13:35 : exception: Failed to open '/home/fonsi/.config/mpd/playlists/lofi-hip-hop.m3u': No such file or directory
Aug 05 13:35 : exception: No such playlist
Aug 05 13:35 : exception: No such directory
Aug 05 13:35 : exception: Failed to open '/home/fonsi/.config/mpd/playlists/lofi-hiphop.m3u': No such file or directory
Aug 05 13:35 : exception: No such playlist
Aug 05 13:39 : player: played "can i talk to u.mp3"
Aug 05 18:42 : player: played "frad - Home..mp3"
Sep 02 23:18 : player: played "frad - Home..mp3"
Sep 05 13:34 : update: removing Changes (frad remix) [XXXTENTACION Tribute].mp3
Sep 05 13:34 : update: added /BAD BUNNY - SOLO DE MÍ _ X100PRE (Video Oficial).mp3
Sep 05 13:34 : update: added /BAD BUNNY - ESTAMOS BIEN _ X100PRE (Video Oficial).mp3
Sep 05 13:34 : update: added /BAD BUNNY FT. EL ALFA - LA ROMANA _ X100PRE (Video Oficial).mp3
Sep 05 13:34 : update: added /BAD BUNNY - SI ESTUVIÉSEMOS JUNTOS _ X100PRE (Video Oficial).mp3
Sep 05 13:34 : update: added /BAD BUNNY - CARO _ X100PRE (Video Oficial).mp3
Sep 05 13:34 : update: added /BAD BUNNY FT. DIPLO - 200 MPH _ X100PRE (Video Oficial).mp3
Sep 05 13:34 : update: added /BAD BUNNY x DRAKE - MÍA (Video Oficial).mp3
Sep 05 13:34 : update: added /BAD BUNNY - ¿QUIÉN TÚ ERES _ X100PRE (Video Oficial).mp3
Sep 05 13:34 : update: added /Volando (Remix).mp3
Sep 05 13:35 : player: played "while you were away.mp3"
Sep 05 13:48 : player: played "BAD BUNNY - CARO _ X100PRE (Video Oficial).mp3"
Sep 05 13:52 : player: played "BAD BUNNY x DRAKE - MÍA (Video Oficial).mp3"
Sep 05 13:54 : player: played "BAD BUNNY FT. DIPLO - 200 MPH _ X100PRE (Video Oficial).mp3"
Sep 05 13:56 : update: removing BAD BUNNY - ¿QUIÉN TÚ ERES _ X100PRE (Video Oficial).mp3
Sep 05 13:56 : update: removing frad - I'm Sorry.mp3
Sep 05 13:56 : update: removing frad - how are you.mp3
Sep 05 13:56 : update: removing frad - Home..mp3
Sep 05 13:56 : update: removing frad - first date.mp3
Sep 05 13:56 : update: removing Frad - Endless Summer (Original).mp3
Sep 05 13:56 : update: removing frad - blossoms (w_bloom.).mp3
Sep 05 13:56 : update: removing esthie - crush w_ frad.mp3
Sep 05 13:56 : update: removing D O M I N G O - Plz p_ frad.mp3
Sep 05 13:56 : update: removing can i talk to u.mp3
Sep 05 13:56 : update: removing BAD BUNNY FT. EL ALFA - LA ROMANA _ X100PRE (Video Oficial).mp3
Sep 05 13:56 : update: removing BAD BUNNY FT. DIPLO - 200 MPH _ X100PRE (Video Oficial).mp3
Sep 05 13:56 : update: removing BAD BUNNY - SI ESTUVIÉSEMOS JUNTOS _ X100PRE (Video Oficial).mp3
Sep 05 13:56 : update: removing BAD BUNNY - ESTAMOS BIEN _ X100PRE (Video Oficial).mp3
Sep 05 13:56 : update: removing BAD BUNNY - CARO _ X100PRE (Video Oficial).mp3
Sep 05 13:56 : update: removing Volando (Remix).mp3
Sep 05 13:56 : update: removing BAD BUNNY - SOLO DE MÍ _ X100PRE (Video Oficial).mp3
Sep 05 13:56 : update: removing BAD BUNNY x DRAKE - MÍA (Video Oficial).mp3
Sep 05 13:56 : update: removing while you were away.mp3
Sep 05 13:56 : update: removing unrequited love.mp3
Sep 05 13:56 : update: removing The Museum feat. Kuzu Mellow & FoolHive (Prod. by Frad).mp3
Sep 05 13:56 : update: removing Sweet Dreams.mp3
Sep 05 13:56 : update: removing standing next to my grave.mp3
Sep 05 13:56 : update: removing SeaHaven.mp3
Sep 05 13:56 : update: removing our memories together.....mp3
Sep 05 13:56 : update: removing Ｌｉｇｈｔｓ　Ｐｌｅａｓｅ.mp3
Sep 05 13:56 : update: removing frad X Shumori - With You..mp3
Sep 05 13:56 : update: removing frad - 喫茶店.mp3
Sep 05 13:56 : update: removing frad - the girl i have a crush on.mp3
Sep 05 14:37 : update: added /BAD BUNNY - SOLO DE MÍ _ X100PRE (Video Oficial).mp3
Sep 05 14:37 : update: added /BAD BUNNY - ESTAMOS BIEN _ X100PRE (Video Oficial).mp3
Sep 05 14:37 : update: added /BAD BUNNY FT. EL ALFA - LA ROMANA _ X100PRE (Video Oficial).mp3
Sep 05 14:37 : update: added /BAD BUNNY - SI ESTUVIÉSEMOS JUNTOS _ X100PRE (Video Oficial).mp3
Sep 05 14:37 : update: added /BAD BUNNY - CARO _ X100PRE (Video Oficial).mp3
Sep 05 14:37 : update: added /BAD BUNNY FT. DIPLO - 200 MPH _ X100PRE (Video Oficial).mp3
Sep 05 14:37 : update: added /BAD BUNNY x DRAKE - MÍA (Video Oficial).mp3
Sep 05 14:37 : update: added /BAD BUNNY - ¿QUIÉN TÚ ERES _ X100PRE (Video Oficial).mp3
Sep 05 14:50 : update: removing BAD BUNNY - SOLO DE MÍ _ X100PRE (Video Oficial).mp3
Sep 05 14:50 : update: removing BAD BUNNY x DRAKE - MÍA (Video Oficial).mp3
Sep 05 14:50 : update: removing BAD BUNNY FT. EL ALFA - LA ROMANA _ X100PRE (Video Oficial).mp3
Sep 05 14:50 : update: removing BAD BUNNY - ¿QUIÉN TÚ ERES _ X100PRE (Video Oficial).mp3
Sep 05 14:50 : update: removing BAD BUNNY FT. DIPLO - 200 MPH _ X100PRE (Video Oficial).mp3
Sep 05 14:50 : update: removing BAD BUNNY - SI ESTUVIÉSEMOS JUNTOS _ X100PRE (Video Oficial).mp3
Sep 05 14:50 : update: removing BAD BUNNY - ESTAMOS BIEN _ X100PRE (Video Oficial).mp3
Sep 05 14:50 : update: removing BAD BUNNY - CARO _ X100PRE (Video Oficial).mp3
Sep 05 14:51 : update: added /BAD BUNNY - SOLO DE MÍ _ X100PRE (Video Oficial).mp3
Sep 05 14:51 : update: added /BAD BUNNY - ESTAMOS BIEN _ X100PRE (Video Oficial).mp3
Sep 05 14:51 : update: added /BAD BUNNY - SI ESTUVIÉSEMOS JUNTOS _ X100PRE (Video Oficial).mp3
Sep 05 14:51 : update: added /BAD BUNNY - CARO _ X100PRE (Video Oficial).mp3
Sep 05 14:51 : update: added /BAD BUNNY FT. DIPLO - 200 MPH _ X100PRE (Video Oficial).mp3
Sep 05 14:51 : update: added /BAD BUNNY x DRAKE - MÍA (Video Oficial).mp3
Sep 05 14:51 : update: added /BAD BUNNY - ¿QUIÉN TÚ ERES _ X100PRE (Video Oficial).mp3
Sep 05 14:52 : update: added /BAD BUNNY FT. EL ALFA - LA ROMANA _ X100PRE (Video Oficial).mp3
Sep 05 14:52 : update: added /BAD BUNNY FT. EL ALFA - LA ROMANA _ X100PRE (Video Oficial).webm
Sep 05 14:53 : update: removing BAD BUNNY FT. EL ALFA - LA ROMANA _ X100PRE (Video Oficial).webm
Sep 05 14:53 : update: added /BAD BUNNY - NI BIEN NI MAL _ X100PRE [Visualizer].mp3
Sep 05 14:53 : update: added /BAD BUNNY x EL ALFA - LA ROMANA _ X100PRE [Visualizer].mp3
Sep 05 14:53 : update: updating /BAD BUNNY FT. EL ALFA - LA ROMANA _ X100PRE (Video Oficial).mp3
Sep 05 14:53 : update: added /BAD BUNNY - OTRA NOCHE EN MIAMI _ X100PRE [Visualizer].mp3
Sep 05 14:54 : update: added /BAD BUNNY - RLNDT _ X100PRE [Visualizer].mp3
Sep 05 14:54 : update: added /BAD BUNNY - COMO ANTES _ X100PRE [Visualizer].mp3
Sep 05 14:54 : update: added /BAD BUNNY - CUANDO PERRIABAS _ X100PRE [Visualizer].mp3
Sep 05 14:57 : update: updating /BAD BUNNY FT. EL ALFA - LA ROMANA _ X100PRE (Video Oficial).mp3
Sep 05 14:57 : update: updating /BAD BUNNY - ¿QUIÉN TÚ ERES _ X100PRE (Video Oficial).mp3
Sep 05 14:57 : update: updating /BAD BUNNY - SOLO DE MÍ _ X100PRE (Video Oficial).mp3
Sep 05 14:58 : update: updating /BAD BUNNY x DRAKE - MÍA (Video Oficial).mp3
Sep 05 14:58 : update: updating /BAD BUNNY x EL ALFA - LA ROMANA _ X100PRE [Visualizer].mp3
Sep 05 15:01 : update: updating /BAD BUNNY - SOLO DE MÍ _ X100PRE (Video Oficial).mp3
Sep 05 15:01 : update: updating /BAD BUNNY - NI BIEN NI MAL _ X100PRE [Visualizer].mp3
Sep 05 15:01 : update: updating /BAD BUNNY - RLNDT _ X100PRE [Visualizer].mp3
Sep 05 15:01 : update: updating /BAD BUNNY - COMO ANTES _ X100PRE [Visualizer].mp3
Sep 05 15:01 : update: updating /BAD BUNNY - CUANDO PERRIABAS _ X100PRE [Visualizer].mp3
Sep 05 15:01 : update: updating /BAD BUNNY x EL ALFA - LA ROMANA _ X100PRE [Visualizer].mp3
Sep 05 15:01 : update: updating /BAD BUNNY - ESTAMOS BIEN _ X100PRE (Video Oficial).mp3
Sep 05 15:01 : update: updating /BAD BUNNY FT. EL ALFA - LA ROMANA _ X100PRE (Video Oficial).mp3
Sep 05 15:01 : update: updating /BAD BUNNY - SI ESTUVIÉSEMOS JUNTOS _ X100PRE (Video Oficial).mp3
Sep 05 15:01 : update: updating /BAD BUNNY - CARO _ X100PRE (Video Oficial).mp3
Sep 05 15:01 : update: updating /BAD BUNNY FT. DIPLO - 200 MPH _ X100PRE (Video Oficial).mp3
Sep 05 15:01 : update: updating /BAD BUNNY - OTRA NOCHE EN MIAMI _ X100PRE [Visualizer].mp3
Sep 05 15:01 : update: updating /BAD BUNNY x DRAKE - MÍA (Video Oficial).mp3
Sep 05 15:01 : update: updating /BAD BUNNY - ¿QUIÉN TÚ ERES _ X100PRE (Video Oficial).mp3
Sep 05 15:30 : update: updating /BAD BUNNY - ESTAMOS BIEN _ X100PRE (Video Oficial).mp3
Sep 05 15:30 : update: updating /BAD BUNNY x DRAKE - MÍA (Video Oficial).mp3
Sep 05 15:31 : update: updating /BAD BUNNY - ESTAMOS BIEN _ X100PRE (Video Oficial).mp3
Sep 05 15:36 : update: updating /BAD BUNNY - ¿QUIÉN TÚ ERES _ X100PRE (Video Oficial).mp3
Sep 05 15:37 : player: played "BAD BUNNY FT. EL ALFA - LA ROMANA _ X100PRE (Video Oficial).mp3"
Sep 05 15:40 : player: played "BAD BUNNY - ESTAMOS BIEN _ X100PRE (Video Oficial).mp3"
Sep 05 15:41 : update: removing BAD BUNNY - CARO _ X100PRE (Video Oficial).mp3
Sep 05 15:41 : update: removing BAD BUNNY x DRAKE - MÍA (Video Oficial).mp3
Sep 05 15:41 : update: removing BAD BUNNY - ESTAMOS BIEN _ X100PRE (Video Oficial).mp3
Sep 05 15:41 : update: removing BAD BUNNY - ¿QUIÉN TÚ ERES _ X100PRE (Video Oficial).mp3
Sep 05 15:41 : update: removing BAD BUNNY x EL ALFA - LA ROMANA _ X100PRE [Visualizer].mp3
Sep 05 15:41 : update: removing BAD BUNNY FT. EL ALFA - LA ROMANA _ X100PRE (Video Oficial).mp3
Sep 05 15:41 : update: removing BAD BUNNY FT. DIPLO - 200 MPH _ X100PRE (Video Oficial).mp3
Sep 05 15:41 : update: removing BAD BUNNY - SOLO DE MÍ _ X100PRE (Video Oficial).mp3
Sep 05 15:41 : update: removing BAD BUNNY - SI ESTUVIÉSEMOS JUNTOS _ X100PRE (Video Oficial).mp3
Sep 05 15:41 : update: removing BAD BUNNY - RLNDT _ X100PRE [Visualizer].mp3
Sep 05 15:41 : update: removing BAD BUNNY - OTRA NOCHE EN MIAMI _ X100PRE [Visualizer].mp3
Sep 05 15:41 : update: removing BAD BUNNY - NI BIEN NI MAL _ X100PRE [Visualizer].mp3
Sep 05 15:41 : update: removing BAD BUNNY - CUANDO PERRIABAS _ X100PRE [Visualizer].mp3
Sep 05 15:41 : update: removing BAD BUNNY - COMO ANTES _ X100PRE [Visualizer].mp3
Sep 05 15:41 : player: played "BAD BUNNY FT. EL ALFA - LA ROMANA _ X100PRE (Video Oficial).mp3"
Sep 05 16:20 : update: added /BAD BUNNY - PERO YA NO _ YHLQMDLG (Video Oficial).mp3
Sep 05 16:20 : update: added /BAD BUNNY x MORA - UNA VEZ _ YHLQMDLG (Video Oficial).mp3
Sep 05 16:20 : update: added /BAD BUNNY x KENDO KAPONI x ARCANGEL - P FKN R _ YHLQMDLG [Visualizer].mp3
Sep 05 16:20 : update: added /BAD BUNNY x ÑENGO FLOW - QUE MALO _ YHLQMDLG [Vizualizer].mp3
Sep 05 16:20 : update: added /BAD BUNNY - A TU MERCED _ YHLQMDLG [Visualizer].mp3
Sep 05 16:20 : update: added /BAD BUNNY - LA DIFÍCIL _ YHLQMDLG (Video Oficial).mp3
Sep 05 16:20 : update: added /BAD BUNNY - VETE _ YHLQMDLG (Video Oficial).mp3
Sep 05 16:20 : update: added /BAD BUNNY - SI VEO A TU MAMÁ _ YHLQMDLG (Video Oficial).mp3
Sep 05 16:20 : update: added /BAD BUNNY x DUKI x PABLO CHILL-E - HABLAMOS MAÑANA _ YHLQMDLG (VHS Version).mp3
Sep 05 16:20 : update: added /BAD BUNNY - 25_8 _ YHLQMDLG [Visualizer].mp3
Sep 05 16:20 : update: added /BAD BUNNY x SECH - IGNORANTES _ YHLQMDLG (Video Oficial).mp3
Sep 05 16:20 : update: added /BAD BUNNY x ANUEL AA - ESTÁ CABRÓN SER YO _ YHLQMDLG [Visualizer].mp3
Sep 05 16:20 : update: added /BAD BUNNY - 🖤 _ YHLQMDLG [Visualizer].mp3
Sep 05 16:20 : update: added /BAD BUNNY x DADDY YANKEE - LA SANTA _ YHLQMDLG [Visualizer].mp3
Sep 05 16:20 : update: added /BAD BUNNY - YO PERREO SOLA _ YHLQMDLG (Video Oficial).mp3
Sep 05 16:20 : update: added /BAD BUNNY - LA ZONA _ YHLQMDLG [Visualizer].mp3
Sep 05 16:20 : update: added /BAD BUNNY x MORA - UNA VEZ _ YHLQMDLG [Visualizer].mp3
Sep 05 16:20 : update: added /BAD BUNNY x YAVIAH - BICHIYAL _ YHLQMDLG (Video Oficial).mp3
Sep 05 16:20 : update: added /BAD BUNNY x YAVIAH - BICHIYAL _ YHLQMDLG [Visualizer].mp3
Sep 05 16:20 : update: added /BAD BUNNY x MYKE TOWERS - PUESTO PA' GUERRIAL _ YHLQMDLG [Visualizer].mp3
Sep 05 16:20 : update: added /BAD BUNNY x DUKI x PABLO CHILL-E - HABLAMOS MAÑANA _ YHLQMDLG (Video Oficial).mp3
Sep 05 16:20 : update: added /BAD BUNNY x JOWELL & RANDY x ÑENGO FLOW - SAFAERA _ YHLQMDLG [Visualizer].mp3
Sep 05 16:21 : update: updating /BAD BUNNY x SECH - IGNORANTES _ YHLQMDLG (Video Oficial).mp3
Sep 05 16:21 : update: updating /BAD BUNNY - YO PERREO SOLA _ YHLQMDLG (Video Oficial).mp3
Sep 05 16:21 : update: updating /BAD BUNNY - VETE _ YHLQMDLG (Video Oficial).mp3
Sep 05 16:23 : player: played "BAD BUNNY - LA DIFÍCIL _ YHLQMDLG (Video Oficial).mp3"
Sep 05 16:41 : player: played "BAD BUNNY - LA DIFÍCIL _ YHLQMDLG (Video Oficial).mp3"
Sep 05 16:42 : update: updating /BAD BUNNY - VETE _ YHLQMDLG (Video Oficial).mp3
Sep 05 16:42 : update: updating /BAD BUNNY x SECH - IGNORANTES _ YHLQMDLG (Video Oficial).mp3
Sep 05 16:42 : update: updating /BAD BUNNY - YO PERREO SOLA _ YHLQMDLG (Video Oficial).mp3
Sep 05 16:42 : player: played "BAD BUNNY - LA DIFÍCIL _ YHLQMDLG (Video Oficial).mp3"
Sep 05 16:42 : update: updating /BAD BUNNY - VETE _ YHLQMDLG (Video Oficial).mp3
Sep 05 16:42 : update: updating /BAD BUNNY x SECH - IGNORANTES _ YHLQMDLG (Video Oficial).mp3
Sep 05 16:43 : update: updating /BAD BUNNY - YO PERREO SOLA _ YHLQMDLG (Video Oficial).mp3
Sep 05 16:46 : player: played "BAD BUNNY - VETE _ YHLQMDLG (Video Oficial).mp3"
Sep 05 16:50 : player: played "BAD BUNNY x DUKI x PABLO CHILL-E - HABLAMOS MAÑANA _ YHLQMDLG (VHS Version).mp3"
Sep 05 16:53 : player: played "BAD BUNNY - PERO YA NO _ YHLQMDLG (Video Oficial).mp3"
Sep 05 16:57 : player: played "BAD BUNNY x MORA - UNA VEZ _ YHLQMDLG (Video Oficial).mp3"
Sep 05 17:02 : player: played "BAD BUNNY x YAVIAH - BICHIYAL _ YHLQMDLG (Video Oficial).mp3"
Sep 05 17:05 : player: played "BAD BUNNY - LA DIFÍCIL _ YHLQMDLG (Video Oficial).mp3"
Sep 05 17:09 : player: played "BAD BUNNY x MORA - UNA VEZ _ YHLQMDLG [Visualizer].mp3"
Sep 05 17:12 : player: played "BAD BUNNY x DUKI x PABLO CHILL-E - HABLAMOS MAÑANA _ YHLQMDLG (Video Oficial).mp3"
Sep 06 10:59 : player: played "BAD BUNNY x DUKI x PABLO CHILL-E - HABLAMOS MAÑANA _ YHLQMDLG (Video Oficial).mp3"
Sep 06 11:00 : player: played "BAD BUNNY x DUKI x PABLO CHILL-E - HABLAMOS MAÑANA _ YHLQMDLG (Video Oficial).mp3"
Sep 06 11:00 : player: played "BAD BUNNY x MORA - UNA VEZ _ YHLQMDLG (Video Oficial).mp3"
Sep 06 11:03 : player: played "BAD BUNNY x MORA - UNA VEZ _ YHLQMDLG (Video Oficial).mp3"
Sep 06 11:03 : player: played "BAD BUNNY x MORA - UNA VEZ _ YHLQMDLG (Video Oficial).mp3"
Sep 06 11:03 : exception: Failed to commit /home/fonsi/.config/mpd/mpdstate: File exists
Sep 06 11:03 : player: played "BAD BUNNY x MORA - UNA VEZ _ YHLQMDLG (Video Oficial).mp3"
Sep 06 11:03 : player: played "BAD BUNNY x MORA - UNA VEZ _ YHLQMDLG (Video Oficial).mp3"
Sep 06 11:05 : player: played "BAD BUNNY x MORA - UNA VEZ _ YHLQMDLG (Video Oficial).mp3"
Sep 06 11:05 : player: played "BAD BUNNY x MORA - UNA VEZ _ YHLQMDLG (Video Oficial).mp3"
Sep 06 11:05 : player: played "BAD BUNNY x MORA - UNA VEZ _ YHLQMDLG (Video Oficial).mp3"
Sep 06 11:06 : player: played "BAD BUNNY x MORA - UNA VEZ _ YHLQMDLG [Visualizer].mp3"
Sep 06 11:08 : update: updating /BAD BUNNY - PERO YA NO _ YHLQMDLG (Video Oficial).mp3
Sep 06 11:08 : update: updating /BAD BUNNY x MORA - UNA VEZ _ YHLQMDLG (Video Oficial).mp3
Sep 06 11:08 : update: updating /BAD BUNNY x KENDO KAPONI x ARCANGEL - P FKN R _ YHLQMDLG [Visualizer].mp3
Sep 06 11:08 : update: updating /BAD BUNNY x ÑENGO FLOW - QUE MALO _ YHLQMDLG [Vizualizer].mp3
Sep 06 11:08 : update: updating /BAD BUNNY - A TU MERCED _ YHLQMDLG [Visualizer].mp3
Sep 06 11:08 : update: updating /BAD BUNNY - LA DIFÍCIL _ YHLQMDLG (Video Oficial).mp3
Sep 06 11:08 : update: updating /BAD BUNNY - VETE _ YHLQMDLG (Video Oficial).mp3
Sep 06 11:08 : update: updating /BAD BUNNY - SI VEO A TU MAMÁ _ YHLQMDLG (Video Oficial).mp3
Sep 06 11:08 : update: updating /BAD BUNNY x DUKI x PABLO CHILL-E - HABLAMOS MAÑANA _ YHLQMDLG (VHS Version).mp3
Sep 06 11:08 : update: updating /BAD BUNNY - 25_8 _ YHLQMDLG [Visualizer].mp3
Sep 06 11:08 : update: updating /BAD BUNNY x SECH - IGNORANTES _ YHLQMDLG (Video Oficial).mp3
Sep 06 11:08 : update: updating /BAD BUNNY x ANUEL AA - ESTÁ CABRÓN SER YO _ YHLQMDLG [Visualizer].mp3
Sep 06 11:08 : update: updating /BAD BUNNY - 🖤 _ YHLQMDLG [Visualizer].mp3
Sep 06 11:08 : update: updating /BAD BUNNY x DADDY YANKEE - LA SANTA _ YHLQMDLG [Visualizer].mp3
Sep 06 11:08 : update: updating /BAD BUNNY - YO PERREO SOLA _ YHLQMDLG (Video Oficial).mp3
Sep 06 11:08 : update: updating /BAD BUNNY - LA ZONA _ YHLQMDLG [Visualizer].mp3
Sep 06 11:08 : update: updating /BAD BUNNY x MORA - UNA VEZ _ YHLQMDLG [Visualizer].mp3
Sep 06 11:08 : update: updating /BAD BUNNY x YAVIAH - BICHIYAL _ YHLQMDLG (Video Oficial).mp3
Sep 06 11:08 : update: updating /BAD BUNNY x YAVIAH - BICHIYAL _ YHLQMDLG [Visualizer].mp3
Sep 06 11:08 : update: updating /BAD BUNNY x MYKE TOWERS - PUESTO PA' GUERRIAL _ YHLQMDLG [Visualizer].mp3
Sep 06 11:08 : update: updating /BAD BUNNY x DUKI x PABLO CHILL-E - HABLAMOS MAÑANA _ YHLQMDLG (Video Oficial).mp3
Sep 06 11:08 : update: updating /BAD BUNNY x JOWELL & RANDY x ÑENGO FLOW - SAFAERA _ YHLQMDLG [Visualizer].mp3
Sep 06 11:09 : player: played "BAD BUNNY x MORA - UNA VEZ _ YHLQMDLG [Visualizer].mp3"
Sep 06 11:10 : update: removing BAD BUNNY x DUKI x PABLO CHILL-E - HABLAMOS MAÑANA _ YHLQMDLG (Video Oficial).mp3
Sep 06 11:10 : update: removing BAD BUNNY x YAVIAH - BICHIYAL _ YHLQMDLG [Visualizer].mp3
Sep 06 11:10 : update: removing BAD BUNNY x MORA - UNA VEZ _ YHLQMDLG (Video Oficial).mp3
Sep 06 11:10 : player: played "BAD BUNNY x SECH - IGNORANTES _ YHLQMDLG (Video Oficial).mp3"
Sep 06 11:13 : player: played "BAD BUNNY x SECH - IGNORANTES _ YHLQMDLG (Video Oficial).mp3"
Sep 06 11:16 : player: played "BAD BUNNY - YO PERREO SOLA _ YHLQMDLG (Video Oficial).mp3"
Sep 06 11:25 : exception: Failed to decode /home/fonsi/music/BAD BUNNY - YO PERREO SOLA _ YHLQMDLG (Video Oficial).mp3; Failed to open '/home/fonsi/music/BAD BUNNY - YO PERREO SOLA _ YHLQMDLG (Video Oficial).mp3': No such file or directory
Sep 06 11:25 : player: played "BAD BUNNY - YO PERREO SOLA _ YHLQMDLG (Video Oficial).mp3"
Sep 06 11:26 : update: removing BAD BUNNY - 🖤 _ YHLQMDLG [Visualizer].mp3
Sep 06 11:26 : update: removing BAD BUNNY - VETE _ YHLQMDLG (Video Oficial).mp3
Sep 06 11:26 : update: removing BAD BUNNY - SI VEO A TU MAMÁ _ YHLQMDLG (Video Oficial).mp3
Sep 06 11:26 : update: removing BAD BUNNY - PERO YA NO _ YHLQMDLG (Video Oficial).mp3
Sep 06 11:26 : update: removing BAD BUNNY - LA ZONA _ YHLQMDLG [Visualizer].mp3
Sep 06 11:26 : update: removing BAD BUNNY - LA DIFÍCIL _ YHLQMDLG (Video Oficial).mp3
Sep 06 11:26 : update: removing BAD BUNNY - A TU MERCED _ YHLQMDLG [Visualizer].mp3
Sep 06 11:26 : update: removing BAD BUNNY - 25_8 _ YHLQMDLG [Visualizer].mp3
Sep 06 11:26 : update: removing BAD BUNNY x YAVIAH - BICHIYAL _ YHLQMDLG (Video Oficial).mp3
Sep 06 11:26 : update: removing BAD BUNNY x SECH - IGNORANTES _ YHLQMDLG (Video Oficial).mp3
Sep 06 11:26 : update: removing BAD BUNNY x ÑENGO FLOW - QUE MALO _ YHLQMDLG [Vizualizer].mp3
Sep 06 11:26 : update: removing BAD BUNNY x MYKE TOWERS - PUESTO PA' GUERRIAL _ YHLQMDLG [Visualizer].mp3
Sep 06 11:26 : update: removing BAD BUNNY x MORA - UNA VEZ _ YHLQMDLG [Visualizer].mp3
Sep 06 11:26 : update: removing BAD BUNNY x KENDO KAPONI x ARCANGEL - P FKN R _ YHLQMDLG [Visualizer].mp3
Sep 06 11:26 : update: removing BAD BUNNY x JOWELL & RANDY x ÑENGO FLOW - SAFAERA _ YHLQMDLG [Visualizer].mp3
Sep 06 11:26 : update: removing BAD BUNNY x DUKI x PABLO CHILL-E - HABLAMOS MAÑANA _ YHLQMDLG (VHS Version).mp3
Sep 06 11:26 : update: removing BAD BUNNY x DADDY YANKEE - LA SANTA _ YHLQMDLG [Visualizer].mp3
Sep 06 11:26 : update: removing BAD BUNNY x ANUEL AA - ESTÁ CABRÓN SER YO _ YHLQMDLG [Visualizer].mp3
Sep 06 11:26 : update: removing BAD BUNNY - YO PERREO SOLA _ YHLQMDLG (Video Oficial).mp3
Sep 06 11:26 : update: added /BAD BUNNY - SOLO DE MÍ _ X100PRE (Video Oficial).mp3
Sep 06 11:26 : update: added /BAD BUNNY - NI BIEN NI MAL _ X100PRE [Visualizer].mp3
Sep 06 11:26 : update: added /BAD BUNNY - RLNDT _ X100PRE [Visualizer].mp3
Sep 06 11:26 : update: added /BAD BUNNY - COMO ANTES _ X100PRE [Visualizer].mp3
Sep 06 11:26 : update: added /BAD BUNNY - CUANDO PERRIABAS _ X100PRE [Visualizer].mp3
Sep 06 11:26 : update: added /BAD BUNNY x EL ALFA - LA ROMANA _ X100PRE [Visualizer].mp3
Sep 06 11:26 : update: added /BAD BUNNY - ESTAMOS BIEN _ X100PRE (Video Oficial).mp3
Sep 06 11:26 : update: added /BAD BUNNY FT. EL ALFA - LA ROMANA _ X100PRE (Video Oficial).mp3
Sep 06 11:26 : update: added /BAD BUNNY - SI ESTUVIÉSEMOS JUNTOS _ X100PRE (Video Oficial).mp3
Sep 06 11:26 : update: added /BAD BUNNY - TENEMOS QUE HABLAR _ X100PRE [Visualizer].mp3
Sep 06 11:26 : update: added /BAD BUNNY - CARO _ X100PRE (Video Oficial).mp3
Sep 06 11:26 : update: added /BAD BUNNY FT. DIPLO - 200 MPH _ X100PRE (Video Oficial).mp3
Sep 06 11:26 : update: added /BAD BUNNY - OTRA NOCHE EN MIAMI _ X100PRE [Visualizer].mp3
Sep 06 11:26 : update: added /BAD BUNNY x DRAKE - MÍA (Video Oficial).mp3
Sep 06 11:26 : update: added /BAD BUNNY - ¿QUIÉN TÚ ERES _ X100PRE (Video Oficial).mp3
Sep 06 11:26 : update: updating /BAD BUNNY - SOLO DE MÍ _ X100PRE (Video Oficial).mp3
Sep 06 11:26 : update: updating /BAD BUNNY x DRAKE - MÍA (Video Oficial).mp3
Sep 06 11:26 : update: updating /BAD BUNNY FT. EL ALFA - LA ROMANA _ X100PRE (Video Oficial).mp3
Sep 06 11:26 : update: updating /BAD BUNNY - ¿QUIÉN TÚ ERES _ X100PRE (Video Oficial).mp3
Sep 06 11:27 : update: updating /BAD BUNNY x DRAKE - MÍA (Video Oficial).mp3
Sep 06 11:27 : update: updating /BAD BUNNY x DRAKE - MÍA (Video Oficial).mp3
Sep 06 11:27 : update: updating /BAD BUNNY FT. EL ALFA - LA ROMANA _ X100PRE (Video Oficial).mp3
Sep 06 11:39 : player: played "BAD BUNNY - CUANDO PERRIABAS _ X100PRE [Visualizer].mp3"
Sep 06 16:09 : update: added /BAD BUNNY - PERO YA NO _ YHLQMDLG (Video Oficial).mp3
Sep 06 16:09 : update: added /BAD BUNNY x MORA - UNA VEZ _ YHLQMDLG (Video Oficial).mp3
Sep 06 16:09 : update: added /a[way] - frosen roses.mp3
Sep 06 16:09 : update: added /Flovry x tender spring - Ages Ago.mp3
Sep 06 16:09 : update: added /BAD BUNNY x KENDO KAPONI x ARCANGEL - P FKN R _ YHLQMDLG [Visualizer].mp3
Sep 06 16:09 : update: added /Mondo Loops ft. kanisan - Terrapin.mp3
Sep 06 16:09 : update: added /BAD BUNNY x ÑENGO FLOW - QUE MALO _ YHLQMDLG [Vizualizer].mp3
Sep 06 16:09 : update: added /SPEECHLESS - Future feelings.mp3
Sep 06 16:09 : update: added /jhove - before you go.mp3
Sep 06 16:09 : update: added /BAD BUNNY - A TU MERCED _ YHLQMDLG [Visualizer].mp3
Sep 06 16:09 : update: added /Spencer Hunt - Sound Asleep.mp3
Sep 06 16:09 : update: added /Dontcry x Glimlip - Jiro Dreams.mp3
Sep 06 16:09 : update: added /BAD BUNNY - LA DIFÍCIL _ YHLQMDLG (Video Oficial).mp3
Sep 06 16:09 : update: added /less.people - Online Mall Music.mp3
Sep 06 16:09 : update: added /Sebastian Kamae, Aylior - Vondelpark.mp3
Sep 06 16:09 : update: added /Kanisan x no one's perfect - A way of existing.mp3
Sep 06 16:09 : update: added /BAD BUNNY - VETE _ YHLQMDLG (Video Oficial).mp3
Sep 06 16:09 : update: added /BAD BUNNY - SI VEO A TU MAMÁ _ YHLQMDLG (Video Oficial).mp3
Sep 06 16:09 : update: added /BAD BUNNY x DUKI x PABLO CHILL-E - HABLAMOS MAÑANA _ YHLQMDLG (VHS Version).mp3
Sep 06 16:09 : update: added /BAD BUNNY - 25_8 _ YHLQMDLG [Visualizer].mp3
Sep 06 16:09 : update: added /BAD BUNNY x SECH - IGNORANTES _ YHLQMDLG (Video Oficial).mp3
Sep 06 16:09 : update: added /Casiio - Wondering.mp3
Sep 06 16:09 : update: added /BAD BUNNY x ANUEL AA - ESTÁ CABRÓN SER YO _ YHLQMDLG [Visualizer].mp3
Sep 06 16:09 : update: added /Kupla - Kingdom in Blue.mp3
Sep 06 16:09 : update: added /Chris Mazuera x tender spring - Perspective.mp3
Sep 06 16:09 : update: added /BAD BUNNY - 🖤 _ YHLQMDLG [Visualizer].mp3
Sep 06 16:09 : update: added /goosetaf - Perpetual.mp3
Sep 06 16:09 : update: added /mell-ø x Ambulo - Afloat Again.mp3
Sep 06 16:09 : update: added /BAD BUNNY x DADDY YANKEE - LA SANTA _ YHLQMDLG [Visualizer].mp3
Sep 06 16:09 : update: added /Monma - Calm Lands.mp3
Sep 06 16:09 : update: added /C4C x kokoro - L'aventure.mp3
Sep 06 16:09 : update: added /BAD BUNNY - YO PERREO SOLA _ YHLQMDLG (Video Oficial).mp3
Sep 06 16:09 : update: added /BAD BUNNY - LA ZONA _ YHLQMDLG [Visualizer].mp3
Sep 06 16:09 : update: added /BAD BUNNY x MORA - UNA VEZ _ YHLQMDLG [Visualizer].mp3
Sep 06 16:09 : update: added /Purrple Cat - Sweet Dreams.mp3
Sep 06 16:09 : update: added /dryhope - Contrasts.mp3
Sep 06 16:09 : update: added /Fatb - conscious ego.mp3
Sep 06 16:09 : update: added /Pandrezz - Relief.mp3
Sep 06 16:09 : update: added /BAD BUNNY x YAVIAH - BICHIYAL _ YHLQMDLG (Video Oficial).mp3
Sep 06 16:09 : update: added /DLJ - Night Emotions.mp3
Sep 06 16:09 : update: added /BluntOne - Cloud Surfing.mp3
Sep 06 16:09 : update: added /brillion. - Bedtime Stories Pt. 2.mp3
Sep 06 16:09 : update: added /WYS - North Pole.mp3
Sep 06 16:09 : update: added /ENRA x Sleepermane - Tomorrows that follow.mp3
Sep 06 16:09 : update: added /Team Astro - Hush.mp3
Sep 06 16:09 : update: added /BAD BUNNY x YAVIAH - BICHIYAL _ YHLQMDLG [Visualizer].mp3
Sep 06 16:09 : update: added /BAD BUNNY x MYKE TOWERS - PUESTO PA' GUERRIAL _ YHLQMDLG [Visualizer].mp3
Sep 06 16:09 : update: added /dontcry x nokiaa - Odyssey.mp3
Sep 06 16:09 : update: added /G Mills - Tranquility.mp3
Sep 06 16:09 : update: added /BAD BUNNY x DUKI x PABLO CHILL-E - HABLAMOS MAÑANA _ YHLQMDLG (Video Oficial).mp3
Sep 06 16:09 : update: added /BAD BUNNY x JOWELL & RANDY x ÑENGO FLOW - SAFAERA _ YHLQMDLG [Visualizer].mp3
Sep 06 16:09 : update: added /Yasumu - Way of Life.mp3
Sep 06 16:10 : update: updating /BAD BUNNY - VETE _ YHLQMDLG (Video Oficial).mp3
Sep 06 16:10 : update: updating /BAD BUNNY x SECH - IGNORANTES _ YHLQMDLG (Video Oficial).mp3
Sep 06 16:11 : update: updating /BAD BUNNY - YO PERREO SOLA _ YHLQMDLG (Video Oficial).mp3
Sep 06 16:14 : update: updating /BAD BUNNY - PERO YA NO _ YHLQMDLG (Video Oficial).mp3
Sep 06 16:14 : update: updating /BAD BUNNY x MORA - UNA VEZ _ YHLQMDLG (Video Oficial).mp3
Sep 06 16:14 : update: updating /a[way] - frosen roses.mp3
Sep 06 16:14 : update: updating /BAD BUNNY - SOLO DE MÍ _ X100PRE (Video Oficial).mp3
Sep 06 16:14 : update: updating /Flovry x tender spring - Ages Ago.mp3
Sep 06 16:14 : update: updating /BAD BUNNY x KENDO KAPONI x ARCANGEL - P FKN R _ YHLQMDLG [Visualizer].mp3
Sep 06 16:14 : update: updating /Mondo Loops ft. kanisan - Terrapin.mp3
Sep 06 16:14 : update: updating /BAD BUNNY - NI BIEN NI MAL _ X100PRE [Visualizer].mp3
Sep 06 16:14 : update: updating /BAD BUNNY - RLNDT _ X100PRE [Visualizer].mp3
Sep 06 16:14 : update: updating /BAD BUNNY - COMO ANTES _ X100PRE [Visualizer].mp3
Sep 06 16:14 : update: updating /BAD BUNNY x ÑENGO FLOW - QUE MALO _ YHLQMDLG [Vizualizer].mp3
Sep 06 16:14 : update: updating /SPEECHLESS - Future feelings.mp3
Sep 06 16:14 : update: updating /jhove - before you go.mp3
Sep 06 16:14 : update: updating /BAD BUNNY - CUANDO PERRIABAS _ X100PRE [Visualizer].mp3
Sep 06 16:14 : update: updating /BAD BUNNY - A TU MERCED _ YHLQMDLG [Visualizer].mp3
Sep 06 16:14 : update: updating /BAD BUNNY x EL ALFA - LA ROMANA _ X100PRE [Visualizer].mp3
Sep 06 16:14 : update: updating /Spencer Hunt - Sound Asleep.mp3
Sep 06 16:14 : update: updating /Dontcry x Glimlip - Jiro Dreams.mp3
Sep 06 16:14 : update: updating /BAD BUNNY - LA DIFÍCIL _ YHLQMDLG (Video Oficial).mp3
Sep 06 16:14 : update: updating /less.people - Online Mall Music.mp3
Sep 06 16:14 : update: updating /Sebastian Kamae, Aylior - Vondelpark.mp3
Sep 06 16:14 : update: updating /Kanisan x no one's perfect - A way of existing.mp3
Sep 06 16:14 : update: updating /BAD BUNNY - ESTAMOS BIEN _ X100PRE (Video Oficial).mp3
Sep 06 16:14 : update: updating /BAD BUNNY - VETE _ YHLQMDLG (Video Oficial).mp3
Sep 06 16:14 : update: updating /BAD BUNNY - SI VEO A TU MAMÁ _ YHLQMDLG (Video Oficial).mp3
Sep 06 16:14 : update: updating /BAD BUNNY x DUKI x PABLO CHILL-E - HABLAMOS MAÑANA _ YHLQMDLG (VHS Version).mp3
Sep 06 16:14 : update: updating /BAD BUNNY FT. EL ALFA - LA ROMANA _ X100PRE (Video Oficial).mp3
Sep 06 16:14 : update: updating /BAD BUNNY - 25_8 _ YHLQMDLG [Visualizer].mp3
Sep 06 16:14 : update: updating /BAD BUNNY x SECH - IGNORANTES _ YHLQMDLG (Video Oficial).mp3
Sep 06 16:14 : update: updating /Casiio - Wondering.mp3
Sep 06 16:14 : update: updating /BAD BUNNY x ANUEL AA - ESTÁ CABRÓN SER YO _ YHLQMDLG [Visualizer].mp3
Sep 06 16:14 : update: updating /Kupla - Kingdom in Blue.mp3
Sep 06 16:14 : update: updating /Chris Mazuera x tender spring - Perspective.mp3
Sep 06 16:14 : update: updating /BAD BUNNY - 🖤 _ YHLQMDLG [Visualizer].mp3
Sep 06 16:14 : update: updating /goosetaf - Perpetual.mp3
Sep 06 16:14 : update: updating /BAD BUNNY - SI ESTUVIÉSEMOS JUNTOS _ X100PRE (Video Oficial).mp3
Sep 06 16:14 : update: updating /mell-ø x Ambulo - Afloat Again.mp3
Sep 06 16:14 : update: updating /BAD BUNNY x DADDY YANKEE - LA SANTA _ YHLQMDLG [Visualizer].mp3
Sep 06 16:14 : update: updating /Monma - Calm Lands.mp3
Sep 06 16:14 : update: updating /C4C x kokoro - L'aventure.mp3
Sep 06 16:14 : update: updating /BAD BUNNY - YO PERREO SOLA _ YHLQMDLG (Video Oficial).mp3
Sep 06 16:14 : update: updating /BAD BUNNY - LA ZONA _ YHLQMDLG [Visualizer].mp3
Sep 06 16:14 : update: updating /BAD BUNNY - TENEMOS QUE HABLAR _ X100PRE [Visualizer].mp3
Sep 06 16:14 : update: updating /BAD BUNNY x MORA - UNA VEZ _ YHLQMDLG [Visualizer].mp3
Sep 06 16:14 : update: updating /BAD BUNNY - CARO _ X100PRE (Video Oficial).mp3
Sep 06 16:14 : update: updating /BAD BUNNY FT. DIPLO - 200 MPH _ X100PRE (Video Oficial).mp3
Sep 06 16:14 : update: updating /Purrple Cat - Sweet Dreams.mp3
Sep 06 16:14 : update: updating /dryhope - Contrasts.mp3
Sep 06 16:14 : update: updating /BAD BUNNY - OTRA NOCHE EN MIAMI _ X100PRE [Visualizer].mp3
Sep 06 16:14 : update: updating /Fatb - conscious ego.mp3
Sep 06 16:14 : update: updating /Pandrezz - Relief.mp3
Sep 06 16:14 : update: updating /BAD BUNNY x YAVIAH - BICHIYAL _ YHLQMDLG (Video Oficial).mp3
Sep 06 16:14 : update: updating /BAD BUNNY x DRAKE - MÍA (Video Oficial).mp3
Sep 06 16:14 : update: updating /DLJ - Night Emotions.mp3
Sep 06 16:14 : update: updating /BluntOne - Cloud Surfing.mp3
Sep 06 16:14 : update: updating /brillion. - Bedtime Stories Pt. 2.mp3
Sep 06 16:14 : update: updating /WYS - North Pole.mp3
Sep 06 16:14 : update: updating /ENRA x Sleepermane - Tomorrows that follow.mp3
Sep 06 16:14 : update: updating /Team Astro - Hush.mp3
Sep 06 16:14 : update: updating /BAD BUNNY x YAVIAH - BICHIYAL _ YHLQMDLG [Visualizer].mp3
Sep 06 16:14 : update: updating /BAD BUNNY x MYKE TOWERS - PUESTO PA' GUERRIAL _ YHLQMDLG [Visualizer].mp3
Sep 06 16:14 : update: updating /BAD BUNNY - ¿QUIÉN TÚ ERES _ X100PRE (Video Oficial).mp3
Sep 06 16:14 : update: updating /dontcry x nokiaa - Odyssey.mp3
Sep 06 16:14 : update: updating /G Mills - Tranquility.mp3
Sep 06 16:14 : update: updating /BAD BUNNY x DUKI x PABLO CHILL-E - HABLAMOS MAÑANA _ YHLQMDLG (Video Oficial).mp3
Sep 06 16:14 : update: updating /BAD BUNNY x JOWELL & RANDY x ÑENGO FLOW - SAFAERA _ YHLQMDLG [Visualizer].mp3
Sep 06 16:14 : update: updating /Yasumu - Way of Life.mp3
Sep 06 16:16 : player: played "BAD BUNNY x DUKI x PABLO CHILL-E - HABLAMOS MAÑANA _ YHLQMDLG (Video Oficial).mp3"
Sep 06 16:17 : update: updating /BAD BUNNY x MORA - UNA VEZ _ YHLQMDLG (Video Oficial).mp3
Sep 06 16:17 : player: played "BAD BUNNY x MORA - UNA VEZ _ YHLQMDLG (Video Oficial).mp3"
Sep 06 16:20 : update: removing BAD BUNNY x DUKI x PABLO CHILL-E - HABLAMOS MAÑANA _ YHLQMDLG (Video Oficial).mp3
Sep 06 16:20 : update: removing BAD BUNNY x MORA - UNA VEZ _ YHLQMDLG (Video Oficial).mp3
Sep 06 16:20 : update: removing BAD BUNNY x YAVIAH - BICHIYAL _ YHLQMDLG (Video Oficial).mp3
Sep 06 16:20 : player: played "BAD BUNNY x DUKI x PABLO CHILL-E - HABLAMOS MAÑANA _ YHLQMDLG (VHS Version).mp3"
Sep 07 19:09 : player: played "C4C x kokoro - L'aventure.mp3"
Sep 07 19:24 : player: played "C4C x kokoro - L'aventure.mp3"
Sep 08 00:58 : player: played "Pandrezz - Relief.mp3"
Sep 10 08:41 : player: played "Pandrezz - Relief.mp3"
Sep 10 09:46 : player: played "Kupla - Kingdom in Blue.mp3"
Sep 10 10:00 : player: played "Yasumu - Way of Life.mp3"
Sep 10 10:11 : player: played "Kanisan x no one's perfect - A way of existing.mp3"
Sep 10 10:25 : player: played "dryhope - Contrasts.mp3"
Sep 10 10:32 : update: updating /C4C x kokoro - L'aventure.mp3
Sep 10 10:33 : update: updating /Flovry x tender spring - Ages Ago.mp3
Sep 10 10:36 : player: played "BluntOne - Cloud Surfing.mp3"
Sep 10 10:38 : update: updating /a[way] - frosen roses.mp3
Sep 10 10:38 : update: updating /Flovry x tender spring - Ages Ago.mp3
Sep 10 10:38 : update: updating /Mondo Loops ft. kanisan - Terrapin.mp3
Sep 10 10:38 : update: updating /SPEECHLESS - Future feelings.mp3
Sep 10 10:38 : update: updating /jhove - before you go.mp3
Sep 10 10:38 : update: updating /Spencer Hunt - Sound Asleep.mp3
Sep 10 10:38 : update: updating /Dontcry x Glimlip - Jiro Dreams.mp3
Sep 10 10:38 : update: updating /less.people - Online Mall Music.mp3
Sep 10 10:38 : update: updating /Sebastian Kamae, Aylior - Vondelpark.mp3
Sep 10 10:38 : update: updating /Kanisan x no one's perfect - A way of existing.mp3
Sep 10 10:38 : update: updating /Casiio - Wondering.mp3
Sep 10 10:38 : update: updating /Kupla - Kingdom in Blue.mp3
Sep 10 10:38 : update: updating /Chris Mazuera x tender spring - Perspective.mp3
Sep 10 10:38 : update: updating /goosetaf - Perpetual.mp3
Sep 10 10:38 : update: updating /mell-ø x Ambulo - Afloat Again.mp3
Sep 10 10:38 : update: updating /Monma - Calm Lands.mp3
Sep 10 10:38 : update: updating /C4C x kokoro - L'aventure.mp3
Sep 10 10:38 : update: updating /Purrple Cat - Sweet Dreams.mp3
Sep 10 10:38 : update: updating /dryhope - Contrasts.mp3
Sep 10 10:38 : update: updating /Fatb - conscious ego.mp3
Sep 10 10:38 : update: updating /Pandrezz - Relief.mp3
Sep 10 10:38 : update: updating /DLJ - Night Emotions.mp3
Sep 10 10:38 : update: updating /BluntOne - Cloud Surfing.mp3
Sep 10 10:38 : update: updating /brillion. - Bedtime Stories Pt. 2.mp3
Sep 10 10:38 : update: updating /WYS - North Pole.mp3
Sep 10 10:38 : update: updating /ENRA x Sleepermane - Tomorrows that follow.mp3
Sep 10 10:38 : update: updating /Team Astro - Hush.mp3
Sep 10 10:38 : update: updating /dontcry x nokiaa - Odyssey.mp3
Sep 10 10:38 : update: updating /G Mills - Tranquility.mp3
Sep 10 10:38 : update: updating /Yasumu - Way of Life.mp3
Sep 10 10:38 : player: played "WYS - North Pole.mp3"
Sep 10 10:39 : player: played "BAD BUNNY - ESTAMOS BIEN _ X100PRE (Video Oficial).mp3"
